2025-10-22 10:47:45,520 [main] INFO  com.erp.qa.commsaletests.CommSaleTest - ===== Starting Test Setup for: com.erp.qa.commsaletests.CommSaleTest =====
2025-10-22 10:52:31,753 [main] INFO  com.erp.qa.commsaletests.CommSaleTest - Browser launched and navigated to application.
2025-10-22 10:52:32,703 [main] INFO  com.erp.qa.commsaletests.CommSaleTest - All Page Objects initialized successfully.
2025-10-22 10:52:32,719 [main] INFO  com.erp.qa.countertests.BeyondSaleTest - ********** Starting test case: verifyCounterLink **********
2025-10-22 10:52:35,129 [main] INFO  com.erp.qa.countertests.BeyondSaleTest - Login successful
2025-10-22 10:53:02,646 [main] INFO  com.erp.qa.commsaletests.CommSaleTest - Browser closed successfully.
2025-10-22 10:53:02,646 [main] INFO  com.erp.qa.commsaletests.CommSaleTest - ✅ Test Passed: verifyCommSaleLink
2025-10-22 10:53:33,617 [main] INFO  com.erp.qa.commsaletests.CommSaleTest - ===== Starting Test Setup for: com.erp.qa.commsaletests.CommSaleTest =====
2025-10-22 10:53:42,267 [main] INFO  com.erp.qa.commsaletests.CommSaleTest - Browser launched and navigated to application.
2025-10-22 10:53:42,583 [main] INFO  com.erp.qa.commsaletests.CommSaleTest - All Page Objects initialized successfully.
2025-10-22 10:53:42,605 [main] INFO  com.erp.qa.countertests.BeyondSaleTest - ********** Starting test case: verifyCounterLink **********
2025-10-22 10:53:45,073 [main] INFO  com.erp.qa.countertests.BeyondSaleTest - Login successful
2025-10-22 10:53:58,885 [main] INFO  com.erp.qa.commsaletests.CommSaleTest - Browser closed successfully.
2025-10-22 10:53:58,886 [main] INFO  com.erp.qa.commsaletests.CommSaleTest - ✅ Test Passed: verifyCommSaleLink
2025-10-22 10:58:47,871 [main] INFO  com.erp.qa.commsaletests.CommSaleTest - ===== Starting Test Setup for: com.erp.qa.commsaletests.CommSaleTest =====
2025-10-22 10:59:00,812 [main] INFO  com.erp.qa.commsaletests.CommSaleTest - Browser launched and navigated to application.
2025-10-22 10:59:01,782 [main] INFO  com.erp.qa.commsaletests.CommSaleTest - All Page Objects initialized successfully.
2025-10-22 10:59:01,861 [main] INFO  com.erp.qa.countertests.BeyondSaleTest - ********** Starting test case: verifyCounterLink **********
2025-10-22 10:59:05,219 [main] INFO  com.erp.qa.countertests.BeyondSaleTest - Login successful
2025-10-22 10:59:29,169 [main] INFO  com.erp.qa.commsaletests.CommSaleTest - Browser closed successfully.
2025-10-22 10:59:29,174 [main] ERROR com.erp.qa.commsaletests.CommSaleTest - ❌ Test Failed: verifyCommSaleLink | no such element: Unable to locate element: {"method":"xpath","selector":"//button[@data-id='ddlDeliveryMan']//div[@class='filter-option-inner-inner'][normalize-space()='--Select--']"} (Session info: chrome=141.0.7390.66) For documentation on this error, please visit: https://www.selenium.dev/documentation/webdriver/troubleshooting/errors#no-such-element-exception Build info: version: '4.25.0', revision: '8a8aea2337' System info: os.name: 'Windows 10', os.arch: 'amd64', os.version: '10.0', java.version: '23.0.1' Driver info: org.openqa.selenium.chrome.ChromeDriver Command: [08032969b4cf5f2c27f329a93401d307, findElement {using=xpath, value=//button[@data-id='ddlDeliveryMan']//div[@class='filter-option-inner-inner'][normalize-space()='--Select--']}] Capabilities {acceptInsecureCerts: false, browserName: chrome, browserVersion: 141.0.7390.66, chrome: {chromedriverVersion: 141.0.7390.122 (b477534e7e1..., userDataDir: C:\Users\PANKAJ~1\AppData\L...}, fedcm:accounts: true, goog:chromeOptions: {debuggerAddress: localhost:53856}, networkConnectionEnabled: false, pageLoadStrategy: normal, platformName: windows, proxy: Proxy(), se:cdp: ws://localhost:53856/devtoo..., se:cdpVersion: 141.0.7390.66, setWindowRect: true, strictFileInteractability: false, timeouts: {implicit: 0, pageLoad: 300000, script: 30000}, unhandledPromptBehavior: dismiss and notify, webauthn:extension:credBlob: true, webauthn:extension:largeBlob: true, webauthn:extension:minPinLength: true, webauthn:extension:prf: true, webauthn:virtualAuthenticators: true} Session ID: 08032969b4cf5f2c27f329a93401d307
2025-10-22 10:59:29,180 [main] WARN  com.erp.qa.commsaletests.CommSaleTest - ⚠️ Test Skipped: verifyCommSaleLink
2025-10-22 11:01:05,276 [main] INFO  com.erp.qa.commsaletests.CommSaleTest - ===== Starting Test Setup for: com.erp.qa.commsaletests.CommSaleTest =====
2025-10-22 11:01:26,644 [main] INFO  com.erp.qa.commsaletests.CommSaleTest - Browser launched and navigated to application.
2025-10-22 11:01:27,647 [main] INFO  com.erp.qa.commsaletests.CommSaleTest - All Page Objects initialized successfully.
2025-10-22 11:01:27,721 [main] INFO  com.erp.qa.countertests.BeyondSaleTest - ********** Starting test case: verifyCounterLink **********
2025-10-22 11:01:31,092 [main] INFO  com.erp.qa.countertests.BeyondSaleTest - Login successful
2025-10-22 11:01:56,199 [main] INFO  com.erp.qa.commsaletests.CommSaleTest - Browser closed successfully.
2025-10-22 11:01:56,202 [main] INFO  com.erp.qa.commsaletests.CommSaleTest - ✅ Test Passed: verifyCommSaleLink
2025-10-22 11:06:24,785 [main] INFO  com.erp.qa.commsaletests.CommSaleTest - ===== Starting Test Setup for: com.erp.qa.commsaletests.CommSaleTest =====
2025-10-22 11:06:56,081 [main] INFO  com.erp.qa.commsaletests.CommSaleTest - Browser launched and navigated to application.
2025-10-22 11:06:56,981 [main] INFO  com.erp.qa.commsaletests.CommSaleTest - All Page Objects initialized successfully.
2025-10-22 11:06:57,056 [main] INFO  com.erp.qa.countertests.BeyondSaleTest - ********** Starting test case: verifyCounterLink **********
2025-10-22 11:07:00,915 [main] INFO  com.erp.qa.countertests.BeyondSaleTest - Login successful
2025-10-22 11:07:43,849 [main] INFO  com.erp.qa.commsaletests.CommSaleTest - Browser closed successfully.
2025-10-22 11:07:43,851 [main] INFO  com.erp.qa.commsaletests.CommSaleTest - ✅ Test Passed: verifyCommSaleLink
2025-10-22 11:09:29,191 [main] INFO  com.erp.qa.commsaletests.CommSaleTest - ===== Starting Test Setup for: com.erp.qa.commsaletests.CommSaleTest =====
2025-10-22 11:09:40,799 [main] INFO  com.erp.qa.commsaletests.CommSaleTest - Browser launched and navigated to application.
2025-10-22 11:09:42,990 [main] INFO  com.erp.qa.commsaletests.CommSaleTest - All Page Objects initialized successfully.
2025-10-22 11:09:43,116 [main] INFO  com.erp.qa.countertests.BeyondSaleTest - ********** Starting test case: verifyCounterLink **********
2025-10-22 11:09:46,608 [main] INFO  com.erp.qa.countertests.BeyondSaleTest - Login successful
2025-10-22 11:10:22,411 [main] INFO  com.erp.qa.commsaletests.CommSaleTest - Browser closed successfully.
2025-10-22 11:10:22,413 [main] INFO  com.erp.qa.commsaletests.CommSaleTest - ✅ Test Passed: verifyCommSaleLink
2025-10-22 11:14:54,950 [main] INFO  com.erp.qa.commsaletests.CommSaleTest - ===== Starting Test Setup for: com.erp.qa.commsaletests.CommSaleTest =====
2025-10-22 11:15:07,516 [main] INFO  com.erp.qa.commsaletests.CommSaleTest - Browser launched and navigated to application.
2025-10-22 11:15:07,810 [main] INFO  com.erp.qa.commsaletests.CommSaleTest - All Page Objects initialized successfully.
2025-10-22 11:15:07,833 [main] INFO  com.erp.qa.countertests.BeyondSaleTest - ********** Starting test case: verifyCounterLink **********
2025-10-22 11:15:10,242 [main] INFO  com.erp.qa.countertests.BeyondSaleTest - Login successful
2025-10-22 11:15:23,887 [main] INFO  com.erp.qa.commsaletests.CommSaleTest - Browser closed successfully.
2025-10-22 11:15:23,888 [main] INFO  com.erp.qa.commsaletests.CommSaleTest - ✅ Test Passed: verifyCommSaleLink
2025-10-22 11:18:13,195 [main] INFO  com.erp.qa.commsaletests.CommSaleTest - ===== Starting Test Setup for: com.erp.qa.commsaletests.CommSaleTest =====
2025-10-22 11:18:21,028 [main] INFO  com.erp.qa.commsaletests.CommSaleTest - Browser launched and navigated to application.
2025-10-22 11:18:21,296 [main] INFO  com.erp.qa.commsaletests.CommSaleTest - All Page Objects initialized successfully.
2025-10-22 11:18:21,315 [main] INFO  com.erp.qa.countertests.BeyondSaleTest - ********** Starting test case: verifyCounterLink **********
2025-10-22 11:18:23,623 [main] INFO  com.erp.qa.countertests.BeyondSaleTest - Login successful
2025-10-22 11:18:44,632 [main] INFO  com.erp.qa.commsaletests.CommSaleTest - Browser closed successfully.
2025-10-22 11:18:44,633 [main] INFO  com.erp.qa.commsaletests.CommSaleTest - ✅ Test Passed: verifyCommSaleLink
2025-10-22 11:19:01,773 [main] INFO  com.erp.qa.commsaletests.CommSaleTest - ===== Starting Test Setup for: com.erp.qa.commsaletests.CommSaleTest =====
2025-10-22 11:19:08,057 [main] INFO  com.erp.qa.commsaletests.CommSaleTest - Browser launched and navigated to application.
2025-10-22 11:19:08,442 [main] INFO  com.erp.qa.commsaletests.CommSaleTest - All Page Objects initialized successfully.
2025-10-22 11:19:08,465 [main] INFO  com.erp.qa.countertests.BeyondSaleTest - ********** Starting test case: verifyCounterLink **********
2025-10-22 11:19:10,910 [main] INFO  com.erp.qa.countertests.BeyondSaleTest - Login successful
2025-10-22 11:19:34,599 [main] INFO  com.erp.qa.commsaletests.CommSaleTest - Browser closed successfully.
2025-10-22 11:19:34,599 [main] INFO  com.erp.qa.commsaletests.CommSaleTest - ✅ Test Passed: verifyCommSaleLink
2025-10-22 11:20:45,207 [main] INFO  com.erp.qa.commsaletests.CommSaleTest - ===== Starting Test Setup for: com.erp.qa.commsaletests.CommSaleTest =====
2025-10-22 11:20:54,006 [main] INFO  com.erp.qa.commsaletests.CommSaleTest - Browser launched and navigated to application.
2025-10-22 11:20:54,261 [main] INFO  com.erp.qa.commsaletests.CommSaleTest - All Page Objects initialized successfully.
2025-10-22 11:20:54,284 [main] INFO  com.erp.qa.countertests.BeyondSaleTest - ********** Starting test case: verifyCounterLink **********
2025-10-22 11:20:56,687 [main] INFO  com.erp.qa.countertests.BeyondSaleTest - Login successful
2025-10-22 11:23:07,513 [main] INFO  com.erp.qa.commsaletests.CommSaleTest - Browser closed successfully.
2025-10-22 11:23:07,513 [main] INFO  com.erp.qa.commsaletests.CommSaleTest - ✅ Test Passed: verifyCommSaleLink
2025-10-22 11:25:06,312 [main] INFO  com.erp.qa.commsaletests.CommSaleTest - ===== Starting Test Setup for: com.erp.qa.commsaletests.CommSaleTest =====
2025-10-22 11:25:12,461 [main] INFO  com.erp.qa.commsaletests.CommSaleTest - Browser launched and navigated to application.
2025-10-22 11:25:12,987 [main] INFO  com.erp.qa.commsaletests.CommSaleTest - All Page Objects initialized successfully.
2025-10-22 11:25:13,023 [main] INFO  com.erp.qa.countertests.BeyondSaleTest - ********** Starting test case: verifyCounterLink **********
2025-10-22 11:25:15,594 [main] INFO  com.erp.qa.countertests.BeyondSaleTest - Login successful
2025-10-22 11:25:48,939 [main] INFO  com.erp.qa.commsaletests.CommSaleTest - Browser closed successfully.
2025-10-22 11:25:48,940 [main] INFO  com.erp.qa.commsaletests.CommSaleTest - ✅ Test Passed: verifyCommSaleLink
2025-10-22 11:30:38,837 [main] INFO  com.erp.qa.commsaletests.CommSaleTest - ===== Starting Test Setup for: com.erp.qa.commsaletests.CommSaleTest =====
2025-10-22 11:30:47,360 [main] INFO  com.erp.qa.commsaletests.CommSaleTest - Browser launched and navigated to application.
2025-10-22 11:30:47,694 [main] INFO  com.erp.qa.commsaletests.CommSaleTest - All Page Objects initialized successfully.
2025-10-22 11:30:47,715 [main] INFO  com.erp.qa.countertests.BeyondSaleTest - ********** Starting test case: verifyCounterLink **********
2025-10-22 11:30:50,082 [main] INFO  com.erp.qa.countertests.BeyondSaleTest - Login successful
2025-10-22 11:31:12,470 [main] INFO  com.erp.qa.commsaletests.CommSaleTest - Browser closed successfully.
2025-10-22 11:31:12,471 [main] ERROR com.erp.qa.commsaletests.CommSaleTest - ❌ Test Failed: verifyCommSaleLink | no such element: Unable to locate element: {"method":"xpath","selector":"//div[@class='dropdown bootstrap-select form-control bs3 dropup open']//input[@aria-label='Search']"} (Session info: chrome=141.0.7390.66) For documentation on this error, please visit: https://www.selenium.dev/documentation/webdriver/troubleshooting/errors#no-such-element-exception Build info: version: '4.25.0', revision: '8a8aea2337' System info: os.name: 'Windows 10', os.arch: 'amd64', os.version: '10.0', java.version: '23.0.1' Driver info: org.openqa.selenium.chrome.ChromeDriver Command: [26e089f57449141767f7f607a0341e9a, findElement {using=xpath, value=//div[@class='dropdown bootstrap-select form-control bs3 dropup open']//input[@aria-label='Search']}] Capabilities {acceptInsecureCerts: false, browserName: chrome, browserVersion: 141.0.7390.66, chrome: {chromedriverVersion: 141.0.7390.122 (b477534e7e1..., userDataDir: C:\Users\PANKAJ~1\AppData\L...}, fedcm:accounts: true, goog:chromeOptions: {debuggerAddress: localhost:59891}, networkConnectionEnabled: false, pageLoadStrategy: normal, platformName: windows, proxy: Proxy(), se:cdp: ws://localhost:59891/devtoo..., se:cdpVersion: 141.0.7390.66, setWindowRect: true, strictFileInteractability: false, timeouts: {implicit: 0, pageLoad: 300000, script: 30000}, unhandledPromptBehavior: dismiss and notify, webauthn:extension:credBlob: true, webauthn:extension:largeBlob: true, webauthn:extension:minPinLength: true, webauthn:extension:prf: true, webauthn:virtualAuthenticators: true} Session ID: 26e089f57449141767f7f607a0341e9a
2025-10-22 11:31:12,473 [main] WARN  com.erp.qa.commsaletests.CommSaleTest - ⚠️ Test Skipped: verifyCommSaleLink
2025-10-22 11:36:22,536 [main] INFO  com.erp.qa.commsaletests.CommSaleTest - ===== Starting Test Setup for: com.erp.qa.commsaletests.CommSaleTest =====
2025-10-22 11:36:29,409 [main] INFO  com.erp.qa.commsaletests.CommSaleTest - Browser launched and navigated to application.
2025-10-22 11:36:29,743 [main] INFO  com.erp.qa.commsaletests.CommSaleTest - All Page Objects initialized successfully.
2025-10-22 11:36:29,759 [main] INFO  com.erp.qa.countertests.BeyondSaleTest - ********** Starting test case: verifyCounterLink **********
2025-10-22 11:36:32,185 [main] INFO  com.erp.qa.countertests.BeyondSaleTest - Login successful
2025-10-22 11:37:09,970 [main] INFO  com.erp.qa.commsaletests.CommSaleTest - Browser closed successfully.
2025-10-22 11:37:09,973 [main] ERROR com.erp.qa.commsaletests.CommSaleTest - ❌ Test Failed: verifyCommSaleLink | element not interactable (Session info: chrome=141.0.7390.66) Build info: version: '4.25.0', revision: '8a8aea2337' System info: os.name: 'Windows 10', os.arch: 'amd64', os.version: '10.0', java.version: '23.0.1' Driver info: org.openqa.selenium.chrome.ChromeDriver Command: [a28a03868ede3c7c649139a39cfac568, sendKeysToElement {id=f.FA3948B6CD4DB48826B4507F3B31A741.d.6567F7B247E5B2EF9AEFA59D4A41F727.e.4647, value=[Ljava.lang.CharSequence;@434514d8}] Capabilities {acceptInsecureCerts: false, browserName: chrome, browserVersion: 141.0.7390.66, chrome: {chromedriverVersion: 141.0.7390.122 (b477534e7e1..., userDataDir: C:\Users\PANKAJ~1\AppData\L...}, fedcm:accounts: true, goog:chromeOptions: {debuggerAddress: localhost:52384}, networkConnectionEnabled: false, pageLoadStrategy: normal, platformName: windows, proxy: Proxy(), se:cdp: ws://localhost:52384/devtoo..., se:cdpVersion: 141.0.7390.66, setWindowRect: true, strictFileInteractability: false, timeouts: {implicit: 0, pageLoad: 300000, script: 30000}, unhandledPromptBehavior: dismiss and notify, webauthn:extension:credBlob: true, webauthn:extension:largeBlob: true, webauthn:extension:minPinLength: true, webauthn:extension:prf: true, webauthn:virtualAuthenticators: true} Element: [[ChromeDriver: chrome on windows (a28a03868ede3c7c649139a39cfac568)] -> xpath: //input[@aria-label='Search']] Session ID: a28a03868ede3c7c649139a39cfac568
2025-10-22 11:37:09,977 [main] WARN  com.erp.qa.commsaletests.CommSaleTest - ⚠️ Test Skipped: verifyCommSaleLink
2025-10-22 11:44:35,376 [main] INFO  com.erp.qa.commsaletests.CommSaleTest - ===== Starting Test Setup for: com.erp.qa.commsaletests.CommSaleTest =====
2025-10-22 11:44:53,626 [main] INFO  com.erp.qa.commsaletests.CommSaleTest - Browser launched and navigated to application.
2025-10-22 11:44:55,159 [main] INFO  com.erp.qa.commsaletests.CommSaleTest - All Page Objects initialized successfully.
2025-10-22 11:44:55,268 [main] INFO  com.erp.qa.countertests.BeyondSaleTest - ********** Starting test case: verifyCounterLink **********
2025-10-22 11:44:58,470 [main] INFO  com.erp.qa.countertests.BeyondSaleTest - Login successful
2025-10-22 11:45:29,903 [main] INFO  com.erp.qa.commsaletests.CommSaleTest - Browser closed successfully.
2025-10-22 11:45:29,904 [main] INFO  com.erp.qa.commsaletests.CommSaleTest - ✅ Test Passed: verifyCommSaleLink
2025-10-22 11:49:08,283 [main] INFO  com.erp.qa.commsaletests.CommSaleTest - ===== Starting Test Setup for: com.erp.qa.commsaletests.CommSaleTest =====
2025-10-22 11:49:33,977 [main] INFO  com.erp.qa.commsaletests.CommSaleTest - Browser launched and navigated to application.
2025-10-22 11:49:35,152 [main] INFO  com.erp.qa.commsaletests.CommSaleTest - All Page Objects initialized successfully.
2025-10-22 11:49:35,212 [main] INFO  com.erp.qa.countertests.BeyondSaleTest - ********** Starting test case: verifyCounterLink **********
2025-10-22 11:49:38,605 [main] INFO  com.erp.qa.countertests.BeyondSaleTest - Login successful
2025-10-22 11:50:18,856 [main] INFO  com.erp.qa.commsaletests.CommSaleTest - Browser closed successfully.
2025-10-22 11:50:18,864 [main] ERROR com.erp.qa.commsaletests.CommSaleTest - ❌ Test Failed: verifyCommSaleLink | no such element: Unable to locate element: {"method":"css selector","selector":"#\/\/button\[\@data\-id\=\'ddlProduct\'\]\/\/div\[\@class\=\'filter\-option\-inner\-inner\'\]\[normalize\-space\(\)\=\'\-\-Select\-\-\'\]"} (Session info: chrome=141.0.7390.66) For documentation on this error, please visit: https://www.selenium.dev/documentation/webdriver/troubleshooting/errors#no-such-element-exception Build info: version: '4.25.0', revision: '8a8aea2337' System info: os.name: 'Windows 10', os.arch: 'amd64', os.version: '10.0', java.version: '23.0.1' Driver info: org.openqa.selenium.chrome.ChromeDriver Command: [93ebf121a77a2d3d8ad5d344900ef5c3, findElement {value=//button[@data-id='ddlProduct']//div[@class='filter-option-inner-inner'][normalize-space()='--Select--'], using=id}] Capabilities {acceptInsecureCerts: false, browserName: chrome, browserVersion: 141.0.7390.66, chrome: {chromedriverVersion: 141.0.7390.122 (b477534e7e1..., userDataDir: C:\Users\PANKAJ~1\AppData\L...}, fedcm:accounts: true, goog:chromeOptions: {debuggerAddress: localhost:56492}, networkConnectionEnabled: false, pageLoadStrategy: normal, platformName: windows, proxy: Proxy(), se:cdp: ws://localhost:56492/devtoo..., se:cdpVersion: 141.0.7390.66, setWindowRect: true, strictFileInteractability: false, timeouts: {implicit: 0, pageLoad: 300000, script: 30000}, unhandledPromptBehavior: dismiss and notify, webauthn:extension:credBlob: true, webauthn:extension:largeBlob: true, webauthn:extension:minPinLength: true, webauthn:extension:prf: true, webauthn:virtualAuthenticators: true} Session ID: 93ebf121a77a2d3d8ad5d344900ef5c3
2025-10-22 11:50:18,867 [main] WARN  com.erp.qa.commsaletests.CommSaleTest - ⚠️ Test Skipped: verifyCommSaleLink
2025-10-22 11:50:53,116 [main] INFO  com.erp.qa.commsaletests.CommSaleTest - ===== Starting Test Setup for: com.erp.qa.commsaletests.CommSaleTest =====
2025-10-22 11:51:10,344 [main] INFO  com.erp.qa.commsaletests.CommSaleTest - Browser launched and navigated to application.
2025-10-22 11:51:11,625 [main] INFO  com.erp.qa.commsaletests.CommSaleTest - All Page Objects initialized successfully.
2025-10-22 11:51:11,708 [main] INFO  com.erp.qa.countertests.BeyondSaleTest - ********** Starting test case: verifyCounterLink **********
2025-10-22 11:51:15,025 [main] INFO  com.erp.qa.countertests.BeyondSaleTest - Login successful
2025-10-22 11:52:07,657 [main] INFO  com.erp.qa.commsaletests.CommSaleTest - Browser closed successfully.
2025-10-22 11:52:07,669 [main] ERROR com.erp.qa.commsaletests.CommSaleTest - ❌ Test Failed: verifyCommSaleLink | no such element: Unable to locate element: {"method":"css selector","selector":"#\/\/button\[\@data\-id\=\'ddlProduct\'\]\/\/div\[\@class\=\'filter\-option\-inner\-inner\'\]\[normalize\-space\(\)\=\'\-\-Select\-\-\'\]"} (Session info: chrome=141.0.7390.66) For documentation on this error, please visit: https://www.selenium.dev/documentation/webdriver/troubleshooting/errors#no-such-element-exception Build info: version: '4.25.0', revision: '8a8aea2337' System info: os.name: 'Windows 10', os.arch: 'amd64', os.version: '10.0', java.version: '23.0.1' Driver info: org.openqa.selenium.chrome.ChromeDriver Command: [28073aa5e6443f55074cf32430ac4242, findElement {using=id, value=//button[@data-id='ddlProduct']//div[@class='filter-option-inner-inner'][normalize-space()='--Select--']}] Capabilities {acceptInsecureCerts: false, browserName: chrome, browserVersion: 141.0.7390.66, chrome: {chromedriverVersion: 141.0.7390.122 (b477534e7e1..., userDataDir: C:\Users\PANKAJ~1\AppData\L...}, fedcm:accounts: true, goog:chromeOptions: {debuggerAddress: localhost:56585}, networkConnectionEnabled: false, pageLoadStrategy: normal, platformName: windows, proxy: Proxy(), se:cdp: ws://localhost:56585/devtoo..., se:cdpVersion: 141.0.7390.66, setWindowRect: true, strictFileInteractability: false, timeouts: {implicit: 0, pageLoad: 300000, script: 30000}, unhandledPromptBehavior: dismiss and notify, webauthn:extension:credBlob: true, webauthn:extension:largeBlob: true, webauthn:extension:minPinLength: true, webauthn:extension:prf: true, webauthn:virtualAuthenticators: true} Session ID: 28073aa5e6443f55074cf32430ac4242
2025-10-22 11:52:07,672 [main] WARN  com.erp.qa.commsaletests.CommSaleTest - ⚠️ Test Skipped: verifyCommSaleLink
2025-10-22 11:53:05,736 [main] INFO  com.erp.qa.commsaletests.CommSaleTest - ===== Starting Test Setup for: com.erp.qa.commsaletests.CommSaleTest =====
2025-10-22 11:53:18,340 [main] INFO  com.erp.qa.commsaletests.CommSaleTest - Browser launched and navigated to application.
2025-10-22 11:53:19,802 [main] INFO  com.erp.qa.commsaletests.CommSaleTest - All Page Objects initialized successfully.
2025-10-22 11:53:19,862 [main] INFO  com.erp.qa.countertests.BeyondSaleTest - ********** Starting test case: verifyCounterLink **********
2025-10-22 11:53:23,190 [main] INFO  com.erp.qa.countertests.BeyondSaleTest - Login successful
2025-10-22 11:54:07,125 [main] INFO  com.erp.qa.commsaletests.CommSaleTest - Browser closed successfully.
2025-10-22 11:54:07,133 [main] ERROR com.erp.qa.commsaletests.CommSaleTest - ❌ Test Failed: verifyCommSaleLink | no such element: Unable to locate element: {"method":"css selector","selector":"#\/\/button\[\@data\-id\=\'ddlProduct\'\]"} (Session info: chrome=141.0.7390.66) For documentation on this error, please visit: https://www.selenium.dev/documentation/webdriver/troubleshooting/errors#no-such-element-exception Build info: version: '4.25.0', revision: '8a8aea2337' System info: os.name: 'Windows 10', os.arch: 'amd64', os.version: '10.0', java.version: '23.0.1' Driver info: org.openqa.selenium.chrome.ChromeDriver Command: [e2e20a8b0086980d2913b3004cbaee4f, findElement {using=id, value=//button[@data-id='ddlProduct']}] Capabilities {acceptInsecureCerts: false, browserName: chrome, browserVersion: 141.0.7390.66, chrome: {chromedriverVersion: 141.0.7390.122 (b477534e7e1..., userDataDir: C:\Users\PANKAJ~1\AppData\L...}, fedcm:accounts: true, goog:chromeOptions: {debuggerAddress: localhost:60046}, networkConnectionEnabled: false, pageLoadStrategy: normal, platformName: windows, proxy: Proxy(), se:cdp: ws://localhost:60046/devtoo..., se:cdpVersion: 141.0.7390.66, setWindowRect: true, strictFileInteractability: false, timeouts: {implicit: 0, pageLoad: 300000, script: 30000}, unhandledPromptBehavior: dismiss and notify, webauthn:extension:credBlob: true, webauthn:extension:largeBlob: true, webauthn:extension:minPinLength: true, webauthn:extension:prf: true, webauthn:virtualAuthenticators: true} Session ID: e2e20a8b0086980d2913b3004cbaee4f
2025-10-22 11:54:07,135 [main] WARN  com.erp.qa.commsaletests.CommSaleTest - ⚠️ Test Skipped: verifyCommSaleLink
2025-10-22 11:55:34,918 [main] INFO  com.erp.qa.commsaletests.CommSaleTest - ===== Starting Test Setup for: com.erp.qa.commsaletests.CommSaleTest =====
2025-10-22 11:55:53,394 [main] INFO  com.erp.qa.commsaletests.CommSaleTest - Browser launched and navigated to application.
2025-10-22 11:55:54,955 [main] INFO  com.erp.qa.commsaletests.CommSaleTest - All Page Objects initialized successfully.
2025-10-22 11:55:55,054 [main] INFO  com.erp.qa.countertests.BeyondSaleTest - ********** Starting test case: verifyCounterLink **********
2025-10-22 11:55:58,111 [main] INFO  com.erp.qa.countertests.BeyondSaleTest - Login successful
2025-10-22 11:56:34,421 [main] INFO  com.erp.qa.commsaletests.CommSaleTest - Browser closed successfully.
2025-10-22 11:56:34,428 [main] ERROR com.erp.qa.commsaletests.CommSaleTest - ❌ Test Failed: verifyCommSaleLink | no such element: Unable to locate element: {"method":"css selector","selector":"#\/\/button\[\@data\-id\=\'ddlProduct\'\]\/\/div\[\@class\=\'filter\-option\-inner\-inner\'\]\[normalize\-space\(\)\=\'\-\-Select\-\-\'\]"} (Session info: chrome=141.0.7390.66) For documentation on this error, please visit: https://www.selenium.dev/documentation/webdriver/troubleshooting/errors#no-such-element-exception Build info: version: '4.25.0', revision: '8a8aea2337' System info: os.name: 'Windows 10', os.arch: 'amd64', os.version: '10.0', java.version: '23.0.1' Driver info: org.openqa.selenium.chrome.ChromeDriver Command: [903152f5db44f162f2a14074f2608fcd, findElement {using=id, value=//button[@data-id='ddlProduct']//div[@class='filter-option-inner-inner'][normalize-space()='--Select--']}] Capabilities {acceptInsecureCerts: false, browserName: chrome, browserVersion: 141.0.7390.66, chrome: {chromedriverVersion: 141.0.7390.122 (b477534e7e1..., userDataDir: C:\Users\PANKAJ~1\AppData\L...}, fedcm:accounts: true, goog:chromeOptions: {debuggerAddress: localhost:60167}, networkConnectionEnabled: false, pageLoadStrategy: normal, platformName: windows, proxy: Proxy(), se:cdp: ws://localhost:60167/devtoo..., se:cdpVersion: 141.0.7390.66, setWindowRect: true, strictFileInteractability: false, timeouts: {implicit: 0, pageLoad: 300000, script: 30000}, unhandledPromptBehavior: dismiss and notify, webauthn:extension:credBlob: true, webauthn:extension:largeBlob: true, webauthn:extension:minPinLength: true, webauthn:extension:prf: true, webauthn:virtualAuthenticators: true} Session ID: 903152f5db44f162f2a14074f2608fcd
2025-10-22 11:56:34,432 [main] WARN  com.erp.qa.commsaletests.CommSaleTest - ⚠️ Test Skipped: verifyCommSaleLink
2025-10-22 11:58:15,788 [main] INFO  com.erp.qa.commsaletests.CommSaleTest - ===== Starting Test Setup for: com.erp.qa.commsaletests.CommSaleTest =====
2025-10-22 11:58:31,085 [main] INFO  com.erp.qa.commsaletests.CommSaleTest - Browser launched and navigated to application.
2025-10-22 11:58:32,197 [main] INFO  com.erp.qa.commsaletests.CommSaleTest - All Page Objects initialized successfully.
2025-10-22 11:58:32,262 [main] INFO  com.erp.qa.countertests.BeyondSaleTest - ********** Starting test case: verifyCounterLink **********
2025-10-22 11:58:35,998 [main] INFO  com.erp.qa.countertests.BeyondSaleTest - Login successful
2025-10-22 11:59:11,788 [main] INFO  com.erp.qa.commsaletests.CommSaleTest - Browser closed successfully.
2025-10-22 11:59:11,797 [main] ERROR com.erp.qa.commsaletests.CommSaleTest - ❌ Test Failed: verifyCommSaleLink | no such element: Unable to locate element: {"method":"css selector","selector":"#\/\/button\[\@data\-id\=\'ddlProduct\'\]\/\/div\[\@class\=\'filter\-option\-inner\-inner\'\]\[normalize\-space\(\)\=\'\-\-Select\-\-\'\]"} (Session info: chrome=141.0.7390.66) For documentation on this error, please visit: https://www.selenium.dev/documentation/webdriver/troubleshooting/errors#no-such-element-exception Build info: version: '4.25.0', revision: '8a8aea2337' System info: os.name: 'Windows 10', os.arch: 'amd64', os.version: '10.0', java.version: '23.0.1' Driver info: org.openqa.selenium.chrome.ChromeDriver Command: [caeed98691daabb2b69eb5fc0b913c18, findElement {value=//button[@data-id='ddlProduct']//div[@class='filter-option-inner-inner'][normalize-space()='--Select--'], using=id}] Capabilities {acceptInsecureCerts: false, browserName: chrome, browserVersion: 141.0.7390.66, chrome: {chromedriverVersion: 141.0.7390.122 (b477534e7e1..., userDataDir: C:\Users\PANKAJ~1\AppData\L...}, fedcm:accounts: true, goog:chromeOptions: {debuggerAddress: localhost:59580}, networkConnectionEnabled: false, pageLoadStrategy: normal, platformName: windows, proxy: Proxy(), se:cdp: ws://localhost:59580/devtoo..., se:cdpVersion: 141.0.7390.66, setWindowRect: true, strictFileInteractability: false, timeouts: {implicit: 0, pageLoad: 300000, script: 30000}, unhandledPromptBehavior: dismiss and notify, webauthn:extension:credBlob: true, webauthn:extension:largeBlob: true, webauthn:extension:minPinLength: true, webauthn:extension:prf: true, webauthn:virtualAuthenticators: true} Session ID: caeed98691daabb2b69eb5fc0b913c18
2025-10-22 11:59:11,801 [main] WARN  com.erp.qa.commsaletests.CommSaleTest - ⚠️ Test Skipped: verifyCommSaleLink
2025-10-22 12:05:26,459 [main] INFO  com.erp.qa.commsaletests.CommSaleTest - ===== Starting Test Setup for: com.erp.qa.commsaletests.CommSaleTest =====
2025-10-22 12:05:38,967 [main] INFO  com.erp.qa.commsaletests.CommSaleTest - Browser launched and navigated to application.
2025-10-22 12:05:40,744 [main] INFO  com.erp.qa.commsaletests.CommSaleTest - All Page Objects initialized successfully.
2025-10-22 12:05:40,833 [main] INFO  com.erp.qa.countertests.BeyondSaleTest - ********** Starting test case: verifyCounterLink **********
2025-10-22 12:05:44,367 [main] INFO  com.erp.qa.countertests.BeyondSaleTest - Login successful
2025-10-22 12:06:16,421 [main] INFO  com.erp.qa.commsaletests.CommSaleTest - Browser closed successfully.
2025-10-22 12:06:16,422 [main] ERROR com.erp.qa.commsaletests.CommSaleTest - ❌ Test Failed: verifyCommSaleLink | Unable to find element with locator By.xpath: //div[@class='dropdown bootstrap-select form-control bs3 dropup open']//input[@aria-label='Search'] For documentation on this error, please visit: https://www.selenium.dev/documentation/webdriver/troubleshooting/errors#no-such-element-exception Build info: version: '4.25.0', revision: '8a8aea2337' System info: os.name: 'Windows 10', os.arch: 'amd64', os.version: '10.0', java.version: '23.0.1' Driver info: driver.version: RemoteWebDriver
2025-10-22 12:06:16,423 [main] WARN  com.erp.qa.commsaletests.CommSaleTest - ⚠️ Test Skipped: verifyCommSaleLink
2025-10-22 12:09:04,655 [main] INFO  com.erp.qa.commsaletests.CommSaleTest - ===== Starting Test Setup for: com.erp.qa.commsaletests.CommSaleTest =====
2025-10-22 12:09:14,002 [main] INFO  com.erp.qa.commsaletests.CommSaleTest - Browser launched and navigated to application.
2025-10-22 12:09:14,347 [main] INFO  com.erp.qa.commsaletests.CommSaleTest - All Page Objects initialized successfully.
2025-10-22 12:09:14,366 [main] INFO  com.erp.qa.countertests.BeyondSaleTest - ********** Starting test case: verifyCounterLink **********
2025-10-22 12:09:16,690 [main] INFO  com.erp.qa.countertests.BeyondSaleTest - Login successful
2025-10-22 12:09:45,815 [main] INFO  com.erp.qa.commsaletests.CommSaleTest - Browser closed successfully.
2025-10-22 12:09:45,818 [main] ERROR com.erp.qa.commsaletests.CommSaleTest - ❌ Test Failed: verifyCommSaleLink | no such element: Unable to locate element: {"method":"xpath","selector":"//button[@data-id='ddlProduct']//div[@class='filter-option-inner-inner'][normalize-space()='--Select--']"} (Session info: chrome=141.0.7390.66) For documentation on this error, please visit: https://www.selenium.dev/documentation/webdriver/troubleshooting/errors#no-such-element-exception Build info: version: '4.25.0', revision: '8a8aea2337' System info: os.name: 'Windows 10', os.arch: 'amd64', os.version: '10.0', java.version: '23.0.1' Driver info: org.openqa.selenium.chrome.ChromeDriver Command: [25810551a0ce47c4acfdd53e5f50d822, findElement {using=xpath, value=//button[@data-id='ddlProduct']//div[@class='filter-option-inner-inner'][normalize-space()='--Select--']}] Capabilities {acceptInsecureCerts: false, browserName: chrome, browserVersion: 141.0.7390.66, chrome: {chromedriverVersion: 141.0.7390.122 (b477534e7e1..., userDataDir: C:\Users\PANKAJ~1\AppData\L...}, fedcm:accounts: true, goog:chromeOptions: {debuggerAddress: localhost:55631}, networkConnectionEnabled: false, pageLoadStrategy: normal, platformName: windows, proxy: Proxy(), se:cdp: ws://localhost:55631/devtoo..., se:cdpVersion: 141.0.7390.66, setWindowRect: true, strictFileInteractability: false, timeouts: {implicit: 0, pageLoad: 300000, script: 30000}, unhandledPromptBehavior: dismiss and notify, webauthn:extension:credBlob: true, webauthn:extension:largeBlob: true, webauthn:extension:minPinLength: true, webauthn:extension:prf: true, webauthn:virtualAuthenticators: true} Session ID: 25810551a0ce47c4acfdd53e5f50d822
2025-10-22 12:09:45,819 [main] WARN  com.erp.qa.commsaletests.CommSaleTest - ⚠️ Test Skipped: verifyCommSaleLink
2025-10-22 12:10:03,115 [main] INFO  com.erp.qa.commsaletests.CommSaleTest - ===== Starting Test Setup for: com.erp.qa.commsaletests.CommSaleTest =====
2025-10-22 12:10:10,673 [main] INFO  com.erp.qa.commsaletests.CommSaleTest - Browser launched and navigated to application.
2025-10-22 12:10:10,896 [main] INFO  com.erp.qa.commsaletests.CommSaleTest - All Page Objects initialized successfully.
2025-10-22 12:10:10,911 [main] INFO  com.erp.qa.countertests.BeyondSaleTest - ********** Starting test case: verifyCounterLink **********
2025-10-22 12:10:13,296 [main] INFO  com.erp.qa.countertests.BeyondSaleTest - Login successful
2025-10-22 12:10:37,377 [main] INFO  com.erp.qa.commsaletests.CommSaleTest - Browser closed successfully.
2025-10-22 12:10:37,378 [main] ERROR com.erp.qa.commsaletests.CommSaleTest - ❌ Test Failed: verifyCommSaleLink | no such element: Unable to locate element: {"method":"xpath","selector":"//div[@class='dropdown bootstrap-select form-control bs3 dropup open']//input[@aria-label='Search']"} (Session info: chrome=141.0.7390.66) For documentation on this error, please visit: https://www.selenium.dev/documentation/webdriver/troubleshooting/errors#no-such-element-exception Build info: version: '4.25.0', revision: '8a8aea2337' System info: os.name: 'Windows 10', os.arch: 'amd64', os.version: '10.0', java.version: '23.0.1' Driver info: org.openqa.selenium.chrome.ChromeDriver Command: [399220952a9a0763f62e7c6bd95d6bdf, findElement {using=xpath, value=//div[@class='dropdown bootstrap-select form-control bs3 dropup open']//input[@aria-label='Search']}] Capabilities {acceptInsecureCerts: false, browserName: chrome, browserVersion: 141.0.7390.66, chrome: {chromedriverVersion: 141.0.7390.122 (b477534e7e1..., userDataDir: C:\Users\PANKAJ~1\AppData\L...}, fedcm:accounts: true, goog:chromeOptions: {debuggerAddress: localhost:55714}, networkConnectionEnabled: false, pageLoadStrategy: normal, platformName: windows, proxy: Proxy(), se:cdp: ws://localhost:55714/devtoo..., se:cdpVersion: 141.0.7390.66, setWindowRect: true, strictFileInteractability: false, timeouts: {implicit: 0, pageLoad: 300000, script: 30000}, unhandledPromptBehavior: dismiss and notify, webauthn:extension:credBlob: true, webauthn:extension:largeBlob: true, webauthn:extension:minPinLength: true, webauthn:extension:prf: true, webauthn:virtualAuthenticators: true} Session ID: 399220952a9a0763f62e7c6bd95d6bdf
2025-10-22 12:10:37,380 [main] WARN  com.erp.qa.commsaletests.CommSaleTest - ⚠️ Test Skipped: verifyCommSaleLink
2025-10-22 12:15:44,900 [main] INFO  com.erp.qa.commsaletests.CommSaleTest - ===== Starting Test Setup for: com.erp.qa.commsaletests.CommSaleTest =====
2025-10-22 12:15:54,064 [main] INFO  com.erp.qa.commsaletests.CommSaleTest - Browser launched and navigated to application.
2025-10-22 12:15:54,321 [main] INFO  com.erp.qa.commsaletests.CommSaleTest - All Page Objects initialized successfully.
2025-10-22 12:15:54,344 [main] INFO  com.erp.qa.countertests.BeyondSaleTest - ********** Starting test case: verifyCounterLink **********
2025-10-22 12:15:56,715 [main] INFO  com.erp.qa.countertests.BeyondSaleTest - Login successful
2025-10-22 12:16:34,371 [main] INFO  com.erp.qa.commsaletests.CommSaleTest - Browser closed successfully.
2025-10-22 12:16:34,372 [main] ERROR com.erp.qa.commsaletests.CommSaleTest - ❌ Test Failed: verifyCommSaleLink | Expected condition failed: waiting for visibility of Proxy element for: DefaultElementLocator 'By.xpath: //div[@class='dropdown bootstrap-select form-control bs3 dropup open']//input[@aria-label='Search']' (tried for 10 second(s) with 500 milliseconds interval)
2025-10-22 12:16:34,373 [main] WARN  com.erp.qa.commsaletests.CommSaleTest - ⚠️ Test Skipped: verifyCommSaleLink
2025-10-22 12:17:18,664 [main] INFO  com.erp.qa.commsaletests.CommSaleTest - ===== Starting Test Setup for: com.erp.qa.commsaletests.CommSaleTest =====
2025-10-22 12:17:27,006 [main] INFO  com.erp.qa.commsaletests.CommSaleTest - Browser launched and navigated to application.
2025-10-22 12:17:27,220 [main] INFO  com.erp.qa.commsaletests.CommSaleTest - All Page Objects initialized successfully.
2025-10-22 12:17:27,236 [main] INFO  com.erp.qa.countertests.BeyondSaleTest - ********** Starting test case: verifyCounterLink **********
2025-10-22 12:17:29,622 [main] INFO  com.erp.qa.countertests.BeyondSaleTest - Login successful
2025-10-22 12:17:49,341 [main] INFO  com.erp.qa.commsaletests.CommSaleTest - Browser closed successfully.
2025-10-22 12:17:49,343 [main] ERROR com.erp.qa.commsaletests.CommSaleTest - ❌ Test Failed: verifyCommSaleLink | unexpected alert open: {Alert text : error} (Session info: chrome=141.0.7390.66): error Build info: version: '4.25.0', revision: '8a8aea2337' System info: os.name: 'Windows 10', os.arch: 'amd64', os.version: '10.0', java.version: '23.0.1' Driver info: org.openqa.selenium.chrome.ChromeDriver Command: [13ee7783806b62e7aa0266239302e4b2, findElement {value=txtFullQty, using=id}] Capabilities {acceptInsecureCerts: false, browserName: chrome, browserVersion: 141.0.7390.66, chrome: {chromedriverVersion: 141.0.7390.122 (b477534e7e1..., userDataDir: C:\Users\PANKAJ~1\AppData\L...}, fedcm:accounts: true, goog:chromeOptions: {debuggerAddress: localhost:55349}, networkConnectionEnabled: false, pageLoadStrategy: normal, platformName: windows, proxy: Proxy(), se:cdp: ws://localhost:55349/devtoo..., se:cdpVersion: 141.0.7390.66, setWindowRect: true, strictFileInteractability: false, timeouts: {implicit: 0, pageLoad: 300000, script: 30000}, unhandledPromptBehavior: dismiss and notify, webauthn:extension:credBlob: true, webauthn:extension:largeBlob: true, webauthn:extension:minPinLength: true, webauthn:extension:prf: true, webauthn:virtualAuthenticators: true} Session ID: 13ee7783806b62e7aa0266239302e4b2
2025-10-22 12:17:49,344 [main] WARN  com.erp.qa.commsaletests.CommSaleTest - ⚠️ Test Skipped: verifyCommSaleLink
2025-10-22 12:23:53,717 [main] INFO  com.erp.qa.commsaletests.CommSaleTest - ===== Starting Test Setup for: com.erp.qa.commsaletests.CommSaleTest =====
2025-10-22 12:23:59,815 [main] INFO  com.erp.qa.commsaletests.CommSaleTest - Browser launched and navigated to application.
2025-10-22 12:24:00,337 [main] INFO  com.erp.qa.commsaletests.CommSaleTest - All Page Objects initialized successfully.
2025-10-22 12:24:00,369 [main] INFO  com.erp.qa.countertests.BeyondSaleTest - ********** Starting test case: verifyCounterLink **********
2025-10-22 12:24:02,799 [main] INFO  com.erp.qa.countertests.BeyondSaleTest - Login successful
2025-10-22 12:25:01,226 [main] INFO  com.erp.qa.commsaletests.CommSaleTest - Browser closed successfully.
2025-10-22 12:25:01,227 [main] ERROR com.erp.qa.commsaletests.CommSaleTest - ❌ Test Failed: verifyCommSaleLink | unexpected alert open: {Alert text : error} (Session info: chrome=141.0.7390.66): error Build info: version: '4.25.0', revision: '8a8aea2337' System info: os.name: 'Windows 10', os.arch: 'amd64', os.version: '10.0', java.version: '23.0.1' Driver info: org.openqa.selenium.chrome.ChromeDriver Command: [0b71d22846c3e00b3ccfd533b9647602, findElement {value=txtFullQty, using=id}] Capabilities {acceptInsecureCerts: false, browserName: chrome, browserVersion: 141.0.7390.66, chrome: {chromedriverVersion: 141.0.7390.122 (b477534e7e1..., userDataDir: C:\Users\PANKAJ~1\AppData\L...}, fedcm:accounts: true, goog:chromeOptions: {debuggerAddress: localhost:55563}, networkConnectionEnabled: false, pageLoadStrategy: normal, platformName: windows, proxy: Proxy(), se:cdp: ws://localhost:55563/devtoo..., se:cdpVersion: 141.0.7390.66, setWindowRect: true, strictFileInteractability: false, timeouts: {implicit: 0, pageLoad: 300000, script: 30000}, unhandledPromptBehavior: dismiss and notify, webauthn:extension:credBlob: true, webauthn:extension:largeBlob: true, webauthn:extension:minPinLength: true, webauthn:extension:prf: true, webauthn:virtualAuthenticators: true} Session ID: 0b71d22846c3e00b3ccfd533b9647602
2025-10-22 12:25:01,230 [main] WARN  com.erp.qa.commsaletests.CommSaleTest - ⚠️ Test Skipped: verifyCommSaleLink
2025-10-22 12:27:02,228 [main] INFO  com.erp.qa.commsaletests.CommSaleTest - ===== Starting Test Setup for: com.erp.qa.commsaletests.CommSaleTest =====
2025-10-22 12:27:08,272 [main] INFO  com.erp.qa.commsaletests.CommSaleTest - Browser launched and navigated to application.
2025-10-22 12:27:08,934 [main] INFO  com.erp.qa.commsaletests.CommSaleTest - All Page Objects initialized successfully.
2025-10-22 12:27:08,964 [main] INFO  com.erp.qa.countertests.BeyondSaleTest - ********** Starting test case: verifyCounterLink **********
2025-10-22 12:27:11,423 [main] INFO  com.erp.qa.countertests.BeyondSaleTest - Login successful
2025-10-22 12:27:26,600 [main] INFO  com.erp.qa.commsaletests.CommSaleTest - Browser closed successfully.
2025-10-22 12:27:26,601 [main] INFO  com.erp.qa.commsaletests.CommSaleTest - ✅ Test Passed: verifyCommSaleLink
2025-10-22 12:29:12,289 [main] INFO  com.erp.qa.commsaletests.CommSaleTest - ===== Starting Test Setup for: com.erp.qa.commsaletests.CommSaleTest =====
2025-10-22 12:29:20,743 [main] INFO  com.erp.qa.commsaletests.CommSaleTest - Browser launched and navigated to application.
2025-10-22 12:29:21,016 [main] INFO  com.erp.qa.commsaletests.CommSaleTest - All Page Objects initialized successfully.
2025-10-22 12:29:21,035 [main] INFO  com.erp.qa.countertests.BeyondSaleTest - ********** Starting test case: verifyCounterLink **********
2025-10-22 12:29:23,403 [main] INFO  com.erp.qa.countertests.BeyondSaleTest - Login successful
2025-10-22 12:29:54,571 [main] INFO  com.erp.qa.commsaletests.CommSaleTest - Browser closed successfully.
2025-10-22 12:29:54,572 [main] INFO  com.erp.qa.commsaletests.CommSaleTest - ✅ Test Passed: verifyCommSaleLink
2025-10-22 12:30:50,929 [main] INFO  com.erp.qa.commsaletests.CommSaleTest - ===== Starting Test Setup for: com.erp.qa.commsaletests.CommSaleTest =====
2025-10-22 12:31:02,689 [main] INFO  com.erp.qa.commsaletests.CommSaleTest - Browser launched and navigated to application.
2025-10-22 12:31:03,035 [main] INFO  com.erp.qa.commsaletests.CommSaleTest - All Page Objects initialized successfully.
2025-10-22 12:31:03,053 [main] INFO  com.erp.qa.countertests.BeyondSaleTest - ********** Starting test case: verifyCounterLink **********
2025-10-22 12:31:05,418 [main] INFO  com.erp.qa.countertests.BeyondSaleTest - Login successful
2025-10-22 12:31:46,684 [main] INFO  com.erp.qa.commsaletests.CommSaleTest - Browser closed successfully.
2025-10-22 12:31:46,685 [main] INFO  com.erp.qa.commsaletests.CommSaleTest - ✅ Test Passed: verifyCommSaleLink
2025-10-22 12:35:06,359 [main] INFO  com.erp.qa.commsaletests.CommSaleTest - ===== Starting Test Setup for: com.erp.qa.commsaletests.CommSaleTest =====
2025-10-22 12:35:14,827 [main] INFO  com.erp.qa.commsaletests.CommSaleTest - Browser launched and navigated to application.
2025-10-22 12:35:16,609 [main] INFO  com.erp.qa.commsaletests.CommSaleTest - All Page Objects initialized successfully.
2025-10-22 12:35:16,829 [main] INFO  com.erp.qa.countertests.BeyondSaleTest - ********** Starting test case: verifyCounterLink **********
2025-10-22 12:35:20,767 [main] INFO  com.erp.qa.countertests.BeyondSaleTest - Login successful
2025-10-22 12:36:04,675 [main] INFO  com.erp.qa.commsaletests.CommSaleTest - Browser closed successfully.
2025-10-22 12:36:04,678 [main] ERROR com.erp.qa.commsaletests.CommSaleTest - ❌ Test Failed: verifyCommSaleLink | Unable to find element with locator By.xpath: txtEmptyCylRecived For documentation on this error, please visit: https://www.selenium.dev/documentation/webdriver/troubleshooting/errors#no-such-element-exception Build info: version: '4.25.0', revision: '8a8aea2337' System info: os.name: 'Windows 10', os.arch: 'amd64', os.version: '10.0', java.version: '23.0.1' Driver info: driver.version: RemoteWebDriver
2025-10-22 12:36:04,680 [main] WARN  com.erp.qa.commsaletests.CommSaleTest - ⚠️ Test Skipped: verifyCommSaleLink
2025-10-22 12:43:39,664 [main] INFO  com.erp.qa.commsaletests.CommSaleTest - ===== Starting Test Setup for: com.erp.qa.commsaletests.CommSaleTest =====
2025-10-22 12:43:58,818 [main] INFO  com.erp.qa.commsaletests.CommSaleTest - Browser launched and navigated to application.
2025-10-22 12:43:59,938 [main] INFO  com.erp.qa.commsaletests.CommSaleTest - All Page Objects initialized successfully.
2025-10-22 12:44:00,002 [main] INFO  com.erp.qa.countertests.BeyondSaleTest - ********** Starting test case: verifyCounterLink **********
2025-10-22 12:44:03,403 [main] INFO  com.erp.qa.countertests.BeyondSaleTest - Login successful
2025-10-22 12:46:52,144 [main] INFO  com.erp.qa.commsaletests.CommSaleTest - Browser closed successfully.
2025-10-22 12:46:52,148 [main] ERROR com.erp.qa.commsaletests.CommSaleTest - ❌ Test Failed: verifyCommSaleLink | Expected condition failed: waiting for visibility of Proxy element for: DefaultElementLocator 'By.xpath: txtEmptyCylRecived' (tried for 10 second(s) with 500 milliseconds interval)
2025-10-22 12:46:52,150 [main] WARN  com.erp.qa.commsaletests.CommSaleTest - ⚠️ Test Skipped: verifyCommSaleLink
2025-10-22 12:48:55,886 [main] INFO  com.erp.qa.commsaletests.CommSaleTest - ===== Starting Test Setup for: com.erp.qa.commsaletests.CommSaleTest =====
2025-10-22 12:49:23,548 [main] INFO  com.erp.qa.commsaletests.CommSaleTest - Browser launched and navigated to application.
2025-10-22 12:49:24,652 [main] INFO  com.erp.qa.commsaletests.CommSaleTest - All Page Objects initialized successfully.
2025-10-22 12:49:24,715 [main] INFO  com.erp.qa.countertests.BeyondSaleTest - ********** Starting test case: verifyCounterLink **********
2025-10-22 12:49:28,430 [main] INFO  com.erp.qa.countertests.BeyondSaleTest - Login successful
2025-10-22 12:50:05,476 [main] INFO  com.erp.qa.commsaletests.CommSaleTest - Browser closed successfully.
2025-10-22 12:50:05,482 [main] ERROR com.erp.qa.commsaletests.CommSaleTest - ❌ Test Failed: verifyCommSaleLink | no such element: Unable to locate element: {"method":"xpath","selector":"//div[@class='dropdown bootstrap-select form-control bs3 dropup open']//input[@aria-label='Search']"} (Session info: chrome=141.0.7390.66) For documentation on this error, please visit: https://www.selenium.dev/documentation/webdriver/troubleshooting/errors#no-such-element-exception Build info: version: '4.25.0', revision: '8a8aea2337' System info: os.name: 'Windows 10', os.arch: 'amd64', os.version: '10.0', java.version: '23.0.1' Driver info: org.openqa.selenium.chrome.ChromeDriver Command: [e09947d66ed0562dcf4a7bef685ca4b7, findElement {value=//div[@class='dropdown bootstrap-select form-control bs3 dropup open']//input[@aria-label='Search'], using=xpath}] Capabilities {acceptInsecureCerts: false, browserName: chrome, browserVersion: 141.0.7390.66, chrome: {chromedriverVersion: 141.0.7390.122 (b477534e7e1..., userDataDir: C:\Users\PANKAJ~1\AppData\L...}, fedcm:accounts: true, goog:chromeOptions: {debuggerAddress: localhost:51247}, networkConnectionEnabled: false, pageLoadStrategy: normal, platformName: windows, proxy: Proxy(), se:cdp: ws://localhost:51247/devtoo..., se:cdpVersion: 141.0.7390.66, setWindowRect: true, strictFileInteractability: false, timeouts: {implicit: 0, pageLoad: 300000, script: 30000}, unhandledPromptBehavior: dismiss and notify, webauthn:extension:credBlob: true, webauthn:extension:largeBlob: true, webauthn:extension:minPinLength: true, webauthn:extension:prf: true, webauthn:virtualAuthenticators: true} Session ID: e09947d66ed0562dcf4a7bef685ca4b7
2025-10-22 12:50:05,488 [main] WARN  com.erp.qa.commsaletests.CommSaleTest - ⚠️ Test Skipped: verifyCommSaleLink
2025-10-22 12:51:19,864 [main] INFO  com.erp.qa.commsaletests.CommSaleTest - ===== Starting Test Setup for: com.erp.qa.commsaletests.CommSaleTest =====
2025-10-22 12:51:43,757 [main] INFO  com.erp.qa.commsaletests.CommSaleTest - Browser launched and navigated to application.
2025-10-22 12:51:44,339 [main] INFO  com.erp.qa.commsaletests.CommSaleTest - All Page Objects initialized successfully.
2025-10-22 12:51:44,475 [main] INFO  com.erp.qa.countertests.BeyondSaleTest - ********** Starting test case: verifyCounterLink **********
2025-10-22 12:51:48,139 [main] INFO  com.erp.qa.countertests.BeyondSaleTest - Login successful
2025-10-22 12:52:44,856 [main] INFO  com.erp.qa.commsaletests.CommSaleTest - Browser closed successfully.
2025-10-22 12:52:44,863 [main] ERROR com.erp.qa.commsaletests.CommSaleTest - ❌ Test Failed: verifyCommSaleLink | no such element: Unable to locate element: {"method":"xpath","selector":"//div[@class='dropdown bootstrap-select form-control bs3 dropup open']//input[@aria-label='Search']"} (Session info: chrome=141.0.7390.66) For documentation on this error, please visit: https://www.selenium.dev/documentation/webdriver/troubleshooting/errors#no-such-element-exception Build info: version: '4.25.0', revision: '8a8aea2337' System info: os.name: 'Windows 10', os.arch: 'amd64', os.version: '10.0', java.version: '23.0.1' Driver info: org.openqa.selenium.chrome.ChromeDriver Command: [ac37f2bba40764a283be1cc89cff745c, findElement {using=xpath, value=//div[@class='dropdown bootstrap-select form-control bs3 dropup open']//input[@aria-label='Search']}] Capabilities {acceptInsecureCerts: false, browserName: chrome, browserVersion: 141.0.7390.66, chrome: {chromedriverVersion: 141.0.7390.122 (b477534e7e1..., userDataDir: C:\Users\PANKAJ~1\AppData\L...}, fedcm:accounts: true, goog:chromeOptions: {debuggerAddress: localhost:64790}, networkConnectionEnabled: false, pageLoadStrategy: normal, platformName: windows, proxy: Proxy(), se:cdp: ws://localhost:64790/devtoo..., se:cdpVersion: 141.0.7390.66, setWindowRect: true, strictFileInteractability: false, timeouts: {implicit: 0, pageLoad: 300000, script: 30000}, unhandledPromptBehavior: dismiss and notify, webauthn:extension:credBlob: true, webauthn:extension:largeBlob: true, webauthn:extension:minPinLength: true, webauthn:extension:prf: true, webauthn:virtualAuthenticators: true} Session ID: ac37f2bba40764a283be1cc89cff745c
2025-10-22 12:52:44,867 [main] WARN  com.erp.qa.commsaletests.CommSaleTest - ⚠️ Test Skipped: verifyCommSaleLink
2025-10-22 12:54:17,758 [main] INFO  com.erp.qa.commsaletests.CommSaleTest - ===== Starting Test Setup for: com.erp.qa.commsaletests.CommSaleTest =====
2025-10-22 12:54:38,670 [main] INFO  com.erp.qa.commsaletests.CommSaleTest - Browser launched and navigated to application.
2025-10-22 12:54:39,661 [main] INFO  com.erp.qa.commsaletests.CommSaleTest - All Page Objects initialized successfully.
2025-10-22 12:54:39,794 [main] INFO  com.erp.qa.countertests.BeyondSaleTest - ********** Starting test case: verifyCounterLink **********
2025-10-22 12:54:43,318 [main] INFO  com.erp.qa.countertests.BeyondSaleTest - Login successful
2025-10-22 12:55:19,584 [main] INFO  com.erp.qa.commsaletests.CommSaleTest - Browser closed successfully.
2025-10-22 12:55:19,587 [main] ERROR com.erp.qa.commsaletests.CommSaleTest - ❌ Test Failed: verifyCommSaleLink | Unable to find element with locator By.xpath: //div[@class='dropdown bootstrap-select form-control bs3 dropup open']//input[@aria-label='Search'] For documentation on this error, please visit: https://www.selenium.dev/documentation/webdriver/troubleshooting/errors#no-such-element-exception Build info: version: '4.25.0', revision: '8a8aea2337' System info: os.name: 'Windows 10', os.arch: 'amd64', os.version: '10.0', java.version: '23.0.1' Driver info: driver.version: RemoteWebDriver
2025-10-22 12:55:19,589 [main] WARN  com.erp.qa.commsaletests.CommSaleTest - ⚠️ Test Skipped: verifyCommSaleLink
2025-10-22 13:01:39,681 [main] INFO  com.erp.qa.commsaletests.CommSaleTest - ===== Starting Test Setup for: com.erp.qa.commsaletests.CommSaleTest =====
2025-10-22 13:01:57,453 [main] INFO  com.erp.qa.commsaletests.CommSaleTest - Browser launched and navigated to application.
2025-10-22 13:01:58,671 [main] INFO  com.erp.qa.commsaletests.CommSaleTest - All Page Objects initialized successfully.
2025-10-22 13:01:58,758 [main] INFO  com.erp.qa.countertests.BeyondSaleTest - ********** Starting test case: verifyCounterLink **********
2025-10-22 13:02:01,569 [main] INFO  com.erp.qa.countertests.BeyondSaleTest - Login successful
2025-10-22 13:02:33,772 [main] INFO  com.erp.qa.commsaletests.CommSaleTest - Browser closed successfully.
2025-10-22 13:02:33,775 [main] ERROR com.erp.qa.commsaletests.CommSaleTest - ❌ Test Failed: verifyCommSaleLink | no such element: Unable to locate element: {"method":"xpath","selector":"//div[@class='dropdown bootstrap-select form-control bs3 dropup open']//input[@aria-label='Search']"} (Session info: chrome=141.0.7390.66) For documentation on this error, please visit: https://www.selenium.dev/documentation/webdriver/troubleshooting/errors#no-such-element-exception Build info: version: '4.25.0', revision: '8a8aea2337' System info: os.name: 'Windows 10', os.arch: 'amd64', os.version: '10.0', java.version: '23.0.1' Driver info: org.openqa.selenium.chrome.ChromeDriver Command: [028c423a4cf8b25c35b6b48f1a1d8d5b, findElement {value=//div[@class='dropdown bootstrap-select form-control bs3 dropup open']//input[@aria-label='Search'], using=xpath}] Capabilities {acceptInsecureCerts: false, browserName: chrome, browserVersion: 141.0.7390.66, chrome: {chromedriverVersion: 141.0.7390.122 (b477534e7e1..., userDataDir: C:\Users\PANKAJ~1\AppData\L...}, fedcm:accounts: true, goog:chromeOptions: {debuggerAddress: localhost:52470}, networkConnectionEnabled: false, pageLoadStrategy: normal, platformName: windows, proxy: Proxy(), se:cdp: ws://localhost:52470/devtoo..., se:cdpVersion: 141.0.7390.66, setWindowRect: true, strictFileInteractability: false, timeouts: {implicit: 0, pageLoad: 300000, script: 30000}, unhandledPromptBehavior: dismiss and notify, webauthn:extension:credBlob: true, webauthn:extension:largeBlob: true, webauthn:extension:minPinLength: true, webauthn:extension:prf: true, webauthn:virtualAuthenticators: true} Session ID: 028c423a4cf8b25c35b6b48f1a1d8d5b
2025-10-22 13:02:33,777 [main] WARN  com.erp.qa.commsaletests.CommSaleTest - ⚠️ Test Skipped: verifyCommSaleLink
2025-10-22 14:00:47,514 [main] INFO  com.erp.qa.commsaletests.CommSaleTest - ===== Starting Test Setup for: com.erp.qa.commsaletests.CommSaleTest =====
2025-10-22 14:02:20,234 [main] INFO  com.erp.qa.commsaletests.CommSaleTest - Browser launched and navigated to application.
2025-10-22 14:02:37,927 [main] INFO  com.erp.qa.commsaletests.CommSaleTest - ===== Starting Test Setup for: com.erp.qa.commsaletests.CommSaleTest =====
2025-10-22 14:03:48,263 [main] INFO  com.erp.qa.commsaletests.CommSaleTest - Browser launched and navigated to application.
2025-10-22 14:11:39,096 [main] INFO  com.erp.qa.commsaletests.CommSaleTest - ===== Starting Test Setup for: com.erp.qa.commsaletests.CommSaleTest =====
2025-10-22 14:13:20,950 [main] INFO  com.erp.qa.commsaletests.CommSaleTest - Browser launched and navigated to application.
2025-10-22 14:13:21,389 [main] INFO  com.erp.qa.commsaletests.CommSaleTest - All Page Objects initialized successfully.
2025-10-22 14:13:21,409 [main] INFO  com.erp.qa.countertests.BeyondSaleTest - ********** Starting test case: verifyCounterLink **********
2025-10-22 14:13:32,318 [main] INFO  com.erp.qa.commsaletests.CommSaleTest - Browser closed successfully.
2025-10-22 14:13:32,324 [main] ERROR com.erp.qa.commsaletests.CommSaleTest - ❌ Test Failed: verifyCommSaleLink | no such element: Unable to locate element: {"method":"css selector","selector":"#txtEmail"} (Session info: chrome=141.0.7390.66) For documentation on this error, please visit: https://www.selenium.dev/documentation/webdriver/troubleshooting/errors#no-such-element-exception Build info: version: '4.25.0', revision: '8a8aea2337' System info: os.name: 'Windows 10', os.arch: 'amd64', os.version: '10.0', java.version: '23.0.1' Driver info: org.openqa.selenium.chrome.ChromeDriver Command: [37c5abcc6d1cd582f9e3d122bfd19272, findElement {value=txtEmail, using=id}] Capabilities {acceptInsecureCerts: false, browserName: chrome, browserVersion: 141.0.7390.66, chrome: {chromedriverVersion: 141.0.7390.122 (b477534e7e1..., userDataDir: C:\Users\PANKAJ~1\AppData\L...}, fedcm:accounts: true, goog:chromeOptions: {debuggerAddress: localhost:59776}, networkConnectionEnabled: false, pageLoadStrategy: normal, platformName: windows, proxy: Proxy(), se:cdp: ws://localhost:59776/devtoo..., se:cdpVersion: 141.0.7390.66, setWindowRect: true, strictFileInteractability: false, timeouts: {implicit: 0, pageLoad: 300000, script: 30000}, unhandledPromptBehavior: dismiss and notify, webauthn:extension:credBlob: true, webauthn:extension:largeBlob: true, webauthn:extension:minPinLength: true, webauthn:extension:prf: true, webauthn:virtualAuthenticators: true} Session ID: 37c5abcc6d1cd582f9e3d122bfd19272
2025-10-22 14:13:32,326 [main] WARN  com.erp.qa.commsaletests.CommSaleTest - ⚠️ Test Skipped: verifyCommSaleLink
2025-10-22 14:19:16,886 [main] INFO  com.erp.qa.commsaletests.CommSaleTest - ===== Starting Test Setup for: com.erp.qa.commsaletests.CommSaleTest =====
2025-10-22 14:20:09,030 [main] INFO  com.erp.qa.commsaletests.CommSaleTest - Browser launched and navigated to application.
2025-10-22 14:20:09,486 [main] INFO  com.erp.qa.commsaletests.CommSaleTest - All Page Objects initialized successfully.
2025-10-22 14:20:09,511 [main] INFO  com.erp.qa.countertests.BeyondSaleTest - ********** Starting test case: verifyCounterLink **********
2025-10-22 14:20:20,819 [main] INFO  com.erp.qa.commsaletests.CommSaleTest - Browser closed successfully.
2025-10-22 14:20:20,822 [main] ERROR com.erp.qa.commsaletests.CommSaleTest - ❌ Test Failed: verifyCommSaleLink | no such element: Unable to locate element: {"method":"css selector","selector":"#txtEmail"} (Session info: chrome=141.0.7390.66) For documentation on this error, please visit: https://www.selenium.dev/documentation/webdriver/troubleshooting/errors#no-such-element-exception Build info: version: '4.25.0', revision: '8a8aea2337' System info: os.name: 'Windows 10', os.arch: 'amd64', os.version: '10.0', java.version: '23.0.1' Driver info: org.openqa.selenium.chrome.ChromeDriver Command: [bd5f3a5d91c76e0ac58251024b5135bf, findElement {using=id, value=txtEmail}] Capabilities {acceptInsecureCerts: false, browserName: chrome, browserVersion: 141.0.7390.66, chrome: {chromedriverVersion: 141.0.7390.122 (b477534e7e1..., userDataDir: C:\Users\PANKAJ~1\AppData\L...}, fedcm:accounts: true, goog:chromeOptions: {debuggerAddress: localhost:58981}, networkConnectionEnabled: false, pageLoadStrategy: normal, platformName: windows, proxy: Proxy(), se:cdp: ws://localhost:58981/devtoo..., se:cdpVersion: 141.0.7390.66, setWindowRect: true, strictFileInteractability: false, timeouts: {implicit: 0, pageLoad: 300000, script: 30000}, unhandledPromptBehavior: dismiss and notify, webauthn:extension:credBlob: true, webauthn:extension:largeBlob: true, webauthn:extension:minPinLength: true, webauthn:extension:prf: true, webauthn:virtualAuthenticators: true} Session ID: bd5f3a5d91c76e0ac58251024b5135bf
2025-10-22 14:20:20,824 [main] WARN  com.erp.qa.commsaletests.CommSaleTest - ⚠️ Test Skipped: verifyCommSaleLink
2025-10-22 14:20:37,142 [main] INFO  com.erp.qa.commsaletests.CommSaleTest - ===== Starting Test Setup for: com.erp.qa.commsaletests.CommSaleTest =====
2025-10-22 14:28:56,753 [main] INFO  com.erp.qa.commsaletests.CommSaleTest - ===== Starting Test Setup for: com.erp.qa.commsaletests.CommSaleTest =====
2025-10-22 14:32:15,683 [main] INFO  com.erp.qa.commsaletests.CommSaleTest - ===== Starting Test Setup for: com.erp.qa.commsaletests.CommSaleTest =====
2025-10-22 14:36:38,405 [main] INFO  com.erp.qa.commsaletests.CommSaleTest - ===== Starting Test Setup for: com.erp.qa.commsaletests.CommSaleTest =====
2025-10-22 14:41:22,829 [main] INFO  com.erp.qa.commsaletests.CommSaleTest - ===== Starting Test Setup for: com.erp.qa.commsaletests.CommSaleTest =====
2025-10-22 14:43:32,063 [main] INFO  com.erp.qa.commsaletests.CommSaleTest - Browser launched and navigated to application.
2025-10-22 14:43:33,792 [main] INFO  com.erp.qa.commsaletests.CommSaleTest - All Page Objects initialized successfully.
2025-10-22 14:43:33,870 [main] INFO  com.erp.qa.countertests.BeyondSaleTest - ********** Starting test case: verifyCounterLink **********
2025-10-22 14:43:37,210 [main] INFO  com.erp.qa.countertests.BeyondSaleTest - Login successful
2025-10-22 14:43:55,753 [main] INFO  com.erp.qa.commsaletests.CommSaleTest - Browser closed successfully.
2025-10-22 14:43:55,770 [main] ERROR com.erp.qa.commsaletests.CommSaleTest - ❌ Test Failed: verifyCommSaleLink | no such element: Unable to locate element: {"method":"xpath","selector":"//span[normalize-space()='Commercial Cyl. Sales']"} (Session info: chrome=141.0.7390.66) For documentation on this error, please visit: https://www.selenium.dev/documentation/webdriver/troubleshooting/errors#no-such-element-exception Build info: version: '4.25.0', revision: '8a8aea2337' System info: os.name: 'Windows 10', os.arch: 'amd64', os.version: '10.0', java.version: '23.0.1' Driver info: org.openqa.selenium.chrome.ChromeDriver Command: [976887193ba11ba6eab02218da5ea178, findElement {using=xpath, value=//span[normalize-space()='Commercial Cyl. Sales']}] Capabilities {acceptInsecureCerts: false, browserName: chrome, browserVersion: 141.0.7390.66, chrome: {chromedriverVersion: 141.0.7390.122 (b477534e7e1..., userDataDir: C:\Users\PANKAJ~1\AppData\L...}, fedcm:accounts: true, goog:chromeOptions: {debuggerAddress: localhost:59556}, networkConnectionEnabled: false, pageLoadStrategy: normal, platformName: windows, proxy: Proxy(), se:cdp: ws://localhost:59556/devtoo..., se:cdpVersion: 141.0.7390.66, setWindowRect: true, strictFileInteractability: false, timeouts: {implicit: 0, pageLoad: 300000, script: 30000}, unhandledPromptBehavior: dismiss and notify, webauthn:extension:credBlob: true, webauthn:extension:largeBlob: true, webauthn:extension:minPinLength: true, webauthn:extension:prf: true, webauthn:virtualAuthenticators: true} Session ID: 976887193ba11ba6eab02218da5ea178
2025-10-22 14:43:55,774 [main] WARN  com.erp.qa.commsaletests.CommSaleTest - ⚠️ Test Skipped: verifyCommSaleLink
2025-10-22 16:13:28,485 [main] INFO  com.erp.qa.commsaletests.CommSaleTest - ===== Starting Test Setup for: com.erp.qa.commsaletests.CommSaleTest =====
2025-10-22 16:13:40,449 [main] INFO  com.erp.qa.commsaletests.CommSaleTest - Browser launched and navigated to application.
2025-10-22 16:13:40,960 [main] INFO  com.erp.qa.commsaletests.CommSaleTest - All Page Objects initialized successfully.
2025-10-22 16:13:40,998 [main] INFO  com.erp.qa.countertests.BeyondSaleTest - ********** Starting test case: verifyCounterLink **********
2025-10-22 16:13:43,551 [main] INFO  com.erp.qa.countertests.BeyondSaleTest - Login successful
2025-10-22 16:14:25,611 [main] INFO  com.erp.qa.commsaletests.CommSaleTest - Browser closed successfully.
2025-10-22 16:14:25,617 [main] ERROR com.erp.qa.commsaletests.CommSaleTest - ❌ Test Failed: verifyCommSaleLink | no such element: Unable to locate element: {"method":"xpath","selector":"//div[@class='dropdown bootstrap-select form-control bs3 dropup open']//input[@aria-label='Search']"} (Session info: chrome=141.0.7390.66) For documentation on this error, please visit: https://www.selenium.dev/documentation/webdriver/troubleshooting/errors#no-such-element-exception Build info: version: '4.25.0', revision: '8a8aea2337' System info: os.name: 'Windows 10', os.arch: 'amd64', os.version: '10.0', java.version: '23.0.1' Driver info: org.openqa.selenium.chrome.ChromeDriver Command: [5265a207f6ecfd372c4678954c175abb, findElement {using=xpath, value=//div[@class='dropdown bootstrap-select form-control bs3 dropup open']//input[@aria-label='Search']}] Capabilities {acceptInsecureCerts: false, browserName: chrome, browserVersion: 141.0.7390.66, chrome: {chromedriverVersion: 141.0.7390.122 (b477534e7e1..., userDataDir: C:\Users\PANKAJ~1\AppData\L...}, fedcm:accounts: true, goog:chromeOptions: {debuggerAddress: localhost:64444}, networkConnectionEnabled: false, pageLoadStrategy: normal, platformName: windows, proxy: Proxy(), se:cdp: ws://localhost:64444/devtoo..., se:cdpVersion: 141.0.7390.66, setWindowRect: true, strictFileInteractability: false, timeouts: {implicit: 0, pageLoad: 300000, script: 30000}, unhandledPromptBehavior: dismiss and notify, webauthn:extension:credBlob: true, webauthn:extension:largeBlob: true, webauthn:extension:minPinLength: true, webauthn:extension:prf: true, webauthn:virtualAuthenticators: true} Session ID: 5265a207f6ecfd372c4678954c175abb
2025-10-22 16:14:25,619 [main] WARN  com.erp.qa.commsaletests.CommSaleTest - ⚠️ Test Skipped: verifyCommSaleLink
2025-10-22 16:22:57,803 [main] INFO  com.erp.qa.commsaletests.CommSaleTest - ===== Starting Test Setup for: com.erp.qa.commsaletests.CommSaleTest =====
2025-10-22 16:23:17,258 [main] INFO  com.erp.qa.commsaletests.CommSaleTest - Browser launched and navigated to application.
2025-10-22 16:23:19,907 [main] INFO  com.erp.qa.commsaletests.CommSaleTest - All Page Objects initialized successfully.
2025-10-22 16:23:19,977 [main] INFO  com.erp.qa.countertests.BeyondSaleTest - ********** Starting test case: verifyCounterLink **********
2025-10-22 16:23:23,319 [main] INFO  com.erp.qa.countertests.BeyondSaleTest - Login successful
2025-10-22 16:24:09,593 [main] INFO  com.erp.qa.commsaletests.CommSaleTest - Browser closed successfully.
2025-10-22 16:24:09,599 [main] ERROR com.erp.qa.commsaletests.CommSaleTest - ❌ Test Failed: verifyCommSaleLink | no such element: Unable to locate element: {"method":"xpath","selector":"//div[@class='dropdown bootstrap-select form-control bs3 dropup open']//input[@aria-label='Search']"} (Session info: chrome=141.0.7390.66) For documentation on this error, please visit: https://www.selenium.dev/documentation/webdriver/troubleshooting/errors#no-such-element-exception Build info: version: '4.25.0', revision: '8a8aea2337' System info: os.name: 'Windows 10', os.arch: 'amd64', os.version: '10.0', java.version: '23.0.1' Driver info: org.openqa.selenium.chrome.ChromeDriver Command: [169a3c277e60b18f8c8978c49f0265c3, findElement {using=xpath, value=//div[@class='dropdown bootstrap-select form-control bs3 dropup open']//input[@aria-label='Search']}] Capabilities {acceptInsecureCerts: false, browserName: chrome, browserVersion: 141.0.7390.66, chrome: {chromedriverVersion: 141.0.7390.122 (b477534e7e1..., userDataDir: C:\Users\PANKAJ~1\AppData\L...}, fedcm:accounts: true, goog:chromeOptions: {debuggerAddress: localhost:49363}, networkConnectionEnabled: false, pageLoadStrategy: normal, platformName: windows, proxy: Proxy(), se:cdp: ws://localhost:49363/devtoo..., se:cdpVersion: 141.0.7390.66, setWindowRect: true, strictFileInteractability: false, timeouts: {implicit: 0, pageLoad: 300000, script: 30000}, unhandledPromptBehavior: dismiss and notify, webauthn:extension:credBlob: true, webauthn:extension:largeBlob: true, webauthn:extension:minPinLength: true, webauthn:extension:prf: true, webauthn:virtualAuthenticators: true} Session ID: 169a3c277e60b18f8c8978c49f0265c3
2025-10-22 16:24:09,602 [main] WARN  com.erp.qa.commsaletests.CommSaleTest - ⚠️ Test Skipped: verifyCommSaleLink
2025-10-22 16:27:16,068 [main] INFO  com.erp.qa.commsaletests.CommSaleTest - ===== Starting Test Setup for: com.erp.qa.commsaletests.CommSaleTest =====
2025-10-22 16:28:44,060 [main] INFO  com.erp.qa.commsaletests.CommSaleTest - Browser launched and navigated to application.
2025-10-22 16:28:46,508 [main] INFO  com.erp.qa.commsaletests.CommSaleTest - All Page Objects initialized successfully.
2025-10-22 16:28:46,603 [main] INFO  com.erp.qa.countertests.BeyondSaleTest - ********** Starting test case: verifyCounterLink **********
2025-10-22 16:28:50,127 [main] INFO  com.erp.qa.countertests.BeyondSaleTest - Login successful
2025-10-22 16:29:08,356 [main] INFO  com.erp.qa.commsaletests.CommSaleTest - Browser closed successfully.
2025-10-22 16:29:08,367 [main] ERROR com.erp.qa.commsaletests.CommSaleTest - ❌ Test Failed: verifyCommSaleLink | no such element: Unable to locate element: {"method":"xpath","selector":"//span[normalize-space()='Commercial Cyl. Sales']"} (Session info: chrome=141.0.7390.66) For documentation on this error, please visit: https://www.selenium.dev/documentation/webdriver/troubleshooting/errors#no-such-element-exception Build info: version: '4.25.0', revision: '8a8aea2337' System info: os.name: 'Windows 10', os.arch: 'amd64', os.version: '10.0', java.version: '23.0.1' Driver info: org.openqa.selenium.chrome.ChromeDriver Command: [674df73b764be4dd356f9efe5ca3ff40, findElement {value=//span[normalize-space()='Commercial Cyl. Sales'], using=xpath}] Capabilities {acceptInsecureCerts: false, browserName: chrome, browserVersion: 141.0.7390.66, chrome: {chromedriverVersion: 141.0.7390.122 (b477534e7e1..., userDataDir: C:\Users\PANKAJ~1\AppData\L...}, fedcm:accounts: true, goog:chromeOptions: {debuggerAddress: localhost:57975}, networkConnectionEnabled: false, pageLoadStrategy: normal, platformName: windows, proxy: Proxy(), se:cdp: ws://localhost:57975/devtoo..., se:cdpVersion: 141.0.7390.66, setWindowRect: true, strictFileInteractability: false, timeouts: {implicit: 0, pageLoad: 300000, script: 30000}, unhandledPromptBehavior: dismiss and notify, webauthn:extension:credBlob: true, webauthn:extension:largeBlob: true, webauthn:extension:minPinLength: true, webauthn:extension:prf: true, webauthn:virtualAuthenticators: true} Session ID: 674df73b764be4dd356f9efe5ca3ff40
2025-10-22 16:29:08,372 [main] WARN  com.erp.qa.commsaletests.CommSaleTest - ⚠️ Test Skipped: verifyCommSaleLink
2025-10-22 16:29:29,724 [main] INFO  com.erp.qa.commsaletests.CommSaleTest - ===== Starting Test Setup for: com.erp.qa.commsaletests.CommSaleTest =====
2025-10-22 16:29:51,090 [main] INFO  com.erp.qa.commsaletests.CommSaleTest - Browser launched and navigated to application.
2025-10-22 16:29:54,445 [main] INFO  com.erp.qa.commsaletests.CommSaleTest - All Page Objects initialized successfully.
2025-10-22 16:29:54,633 [main] INFO  com.erp.qa.countertests.BeyondSaleTest - ********** Starting test case: verifyCounterLink **********
2025-10-22 16:29:58,544 [main] INFO  com.erp.qa.countertests.BeyondSaleTest - Login successful
2025-10-22 16:30:46,527 [main] INFO  com.erp.qa.commsaletests.CommSaleTest - Browser closed successfully.
2025-10-22 16:30:46,534 [main] ERROR com.erp.qa.commsaletests.CommSaleTest - ❌ Test Failed: verifyCommSaleLink | no such element: Unable to locate element: {"method":"xpath","selector":"//div[@class='dropdown bootstrap-select form-control bs3 dropup open']//input[@aria-label='Search']"} (Session info: chrome=141.0.7390.66) For documentation on this error, please visit: https://www.selenium.dev/documentation/webdriver/troubleshooting/errors#no-such-element-exception Build info: version: '4.25.0', revision: '8a8aea2337' System info: os.name: 'Windows 10', os.arch: 'amd64', os.version: '10.0', java.version: '23.0.1' Driver info: org.openqa.selenium.chrome.ChromeDriver Command: [b5b55acff63f60a38bd16ac53e36f09f, findElement {value=//div[@class='dropdown bootstrap-select form-control bs3 dropup open']//input[@aria-label='Search'], using=xpath}] Capabilities {acceptInsecureCerts: false, browserName: chrome, browserVersion: 141.0.7390.66, chrome: {chromedriverVersion: 141.0.7390.122 (b477534e7e1..., userDataDir: C:\Users\PANKAJ~1\AppData\L...}, fedcm:accounts: true, goog:chromeOptions: {debuggerAddress: localhost:56327}, networkConnectionEnabled: false, pageLoadStrategy: normal, platformName: windows, proxy: Proxy(), se:cdp: ws://localhost:56327/devtoo..., se:cdpVersion: 141.0.7390.66, setWindowRect: true, strictFileInteractability: false, timeouts: {implicit: 0, pageLoad: 300000, script: 30000}, unhandledPromptBehavior: dismiss and notify, webauthn:extension:credBlob: true, webauthn:extension:largeBlob: true, webauthn:extension:minPinLength: true, webauthn:extension:prf: true, webauthn:virtualAuthenticators: true} Session ID: b5b55acff63f60a38bd16ac53e36f09f
2025-10-22 16:30:46,538 [main] WARN  com.erp.qa.commsaletests.CommSaleTest - ⚠️ Test Skipped: verifyCommSaleLink
2025-10-22 16:36:37,661 [main] INFO  com.erp.qa.commsaletests.CommSaleTest - ===== Starting Test Setup for: com.erp.qa.commsaletests.CommSaleTest =====
2025-10-22 16:37:06,864 [main] INFO  com.erp.qa.commsaletests.CommSaleTest - Browser launched and navigated to application.
2025-10-22 16:37:08,783 [main] INFO  com.erp.qa.commsaletests.CommSaleTest - All Page Objects initialized successfully.
2025-10-22 16:37:08,883 [main] INFO  com.erp.qa.countertests.BeyondSaleTest - ********** Starting test case: verifyCounterLink **********
2025-10-22 16:37:12,732 [main] INFO  com.erp.qa.countertests.BeyondSaleTest - Login successful
2025-10-22 16:38:06,863 [main] INFO  com.erp.qa.commsaletests.CommSaleTest - Browser closed successfully.
2025-10-22 16:38:06,875 [main] ERROR com.erp.qa.commsaletests.CommSaleTest - ❌ Test Failed: verifyCommSaleLink | no such element: Unable to locate element: {"method":"xpath","selector":"//div[@class='dropdown bootstrap-select form-control bs3 dropup open']//input[@aria-label='Search']"} (Session info: chrome=141.0.7390.66) For documentation on this error, please visit: https://www.selenium.dev/documentation/webdriver/troubleshooting/errors#no-such-element-exception Build info: version: '4.25.0', revision: '8a8aea2337' System info: os.name: 'Windows 10', os.arch: 'amd64', os.version: '10.0', java.version: '23.0.1' Driver info: org.openqa.selenium.chrome.ChromeDriver Command: [caf3fd4f78dd7776e78c01407c2c31a0, findElement {using=xpath, value=//div[@class='dropdown bootstrap-select form-control bs3 dropup open']//input[@aria-label='Search']}] Capabilities {acceptInsecureCerts: false, browserName: chrome, browserVersion: 141.0.7390.66, chrome: {chromedriverVersion: 141.0.7390.122 (b477534e7e1..., userDataDir: C:\Users\PANKAJ~1\AppData\L...}, fedcm:accounts: true, goog:chromeOptions: {debuggerAddress: localhost:55965}, networkConnectionEnabled: false, pageLoadStrategy: normal, platformName: windows, proxy: Proxy(), se:cdp: ws://localhost:55965/devtoo..., se:cdpVersion: 141.0.7390.66, setWindowRect: true, strictFileInteractability: false, timeouts: {implicit: 0, pageLoad: 300000, script: 30000}, unhandledPromptBehavior: dismiss and notify, webauthn:extension:credBlob: true, webauthn:extension:largeBlob: true, webauthn:extension:minPinLength: true, webauthn:extension:prf: true, webauthn:virtualAuthenticators: true} Session ID: caf3fd4f78dd7776e78c01407c2c31a0
2025-10-22 16:38:06,880 [main] WARN  com.erp.qa.commsaletests.CommSaleTest - ⚠️ Test Skipped: verifyCommSaleLink
2025-10-22 16:49:10,232 [main] INFO  com.erp.qa.commsaletests.CommSaleTest - ===== Starting Test Setup for: com.erp.qa.commsaletests.CommSaleTest =====
2025-10-22 16:49:42,157 [main] INFO  com.erp.qa.commsaletests.CommSaleTest - Browser launched and navigated to application.
2025-10-22 16:49:45,636 [main] INFO  com.erp.qa.commsaletests.CommSaleTest - All Page Objects initialized successfully.
2025-10-22 16:50:38,153 [main] INFO  com.erp.qa.commsaletests.CommSaleTest - Browser closed successfully.
2025-10-22 16:50:38,167 [main] ERROR com.erp.qa.commsaletests.CommSaleTest - ❌ Test Failed: verifyCommSaleLink | no such element: Unable to locate element: {"method":"xpath","selector":"//span[normalize-space()='Commercial Cyl. Sales']"} (Session info: chrome=141.0.7390.66) For documentation on this error, please visit: https://www.selenium.dev/documentation/webdriver/troubleshooting/errors#no-such-element-exception Build info: version: '4.25.0', revision: '8a8aea2337' System info: os.name: 'Windows 10', os.arch: 'amd64', os.version: '10.0', java.version: '23.0.1' Driver info: org.openqa.selenium.chrome.ChromeDriver Command: [de900bc97c60997145273fbce82d6ed4, findElement {value=//span[normalize-space()='Commercial Cyl. Sales'], using=xpath}] Capabilities {acceptInsecureCerts: false, browserName: chrome, browserVersion: 141.0.7390.66, chrome: {chromedriverVersion: 141.0.7390.122 (b477534e7e1..., userDataDir: C:\Users\PANKAJ~1\AppData\L...}, fedcm:accounts: true, goog:chromeOptions: {debuggerAddress: localhost:54967}, networkConnectionEnabled: false, pageLoadStrategy: normal, platformName: windows, proxy: Proxy(), se:cdp: ws://localhost:54967/devtoo..., se:cdpVersion: 141.0.7390.66, setWindowRect: true, strictFileInteractability: false, timeouts: {implicit: 0, pageLoad: 300000, script: 30000}, unhandledPromptBehavior: dismiss and notify, webauthn:extension:credBlob: true, webauthn:extension:largeBlob: true, webauthn:extension:minPinLength: true, webauthn:extension:prf: true, webauthn:virtualAuthenticators: true} Session ID: de900bc97c60997145273fbce82d6ed4
2025-10-22 16:50:38,173 [main] WARN  com.erp.qa.commsaletests.CommSaleTest - ⚠️ Test Skipped: verifyCommSaleLink
2025-10-22 16:50:38,174 [main] INFO  com.erp.qa.commsaletests.CommSaleTest - ========== Test execution completed ==========
2025-10-22 16:53:31,569 [main] INFO  com.erp.qa.commsaletests.CommSaleTest - ===== Starting Test Setup for: com.erp.qa.commsaletests.CommSaleTest =====
2025-10-22 16:53:40,706 [main] INFO  com.erp.qa.commsaletests.CommSaleTest - Browser launched and navigated to application.
2025-10-22 16:53:41,596 [main] INFO  com.erp.qa.commsaletests.CommSaleTest - All Page Objects initialized successfully.
2025-10-22 16:53:41,632 [main] INFO  com.erp.qa.commsaletests.CommSaleTest - ********** Starting test case: verifyCommSaleLink **********
2025-10-22 16:53:44,321 [main] INFO  com.erp.qa.commsaletests.CommSaleTest - Login successful
2025-10-22 16:54:10,347 [main] INFO  com.erp.qa.commsaletests.CommSaleTest - Browser closed successfully.
2025-10-22 16:54:10,348 [main] ERROR com.erp.qa.commsaletests.CommSaleTest - ❌ Test Failed: verifyCommSaleLink | Expected 'KAILASH HOTEL' in ddlParty but saw '--Select--' expected [true] but found [false]
2025-10-22 16:54:10,348 [main] WARN  com.erp.qa.commsaletests.CommSaleTest - ⚠️ Test Skipped: verifyCommSaleLink
2025-10-22 16:54:59,637 [main] INFO  com.erp.qa.commsaletests.CommSaleTest - ===== Starting Test Setup for: com.erp.qa.commsaletests.CommSaleTest =====
2025-10-22 16:57:31,027 [main] INFO  com.erp.qa.commsaletests.CommSaleTest - ===== Starting Test Setup for: com.erp.qa.commsaletests.CommSaleTest =====
2025-10-22 16:57:39,274 [main] INFO  com.erp.qa.commsaletests.CommSaleTest - Browser launched and navigated to application.
2025-10-22 16:57:40,158 [main] INFO  com.erp.qa.commsaletests.CommSaleTest - All Page Objects initialized successfully.
2025-10-22 16:57:40,182 [main] INFO  com.erp.qa.countertests.BeyondSaleTest - ********** Starting test case: verifyCounterLink **********
2025-10-22 16:57:43,084 [main] INFO  com.erp.qa.countertests.BeyondSaleTest - Login successful
2025-10-22 16:58:10,370 [main] INFO  com.erp.qa.commsaletests.CommSaleTest - Browser closed successfully.
2025-10-22 16:58:10,373 [main] ERROR com.erp.qa.commsaletests.CommSaleTest - ❌ Test Failed: verifyCommSaleLink | no such element: Unable to locate element: {"method":"xpath","selector":"//div[@class='dropdown bootstrap-select form-control bs3 dropup open']//input[@aria-label='Search']"} (Session info: chrome=141.0.7390.66) For documentation on this error, please visit: https://www.selenium.dev/documentation/webdriver/troubleshooting/errors#no-such-element-exception Build info: version: '4.25.0', revision: '8a8aea2337' System info: os.name: 'Windows 10', os.arch: 'amd64', os.version: '10.0', java.version: '23.0.1' Driver info: org.openqa.selenium.chrome.ChromeDriver Command: [a02342de5fa078a4e0f275062e9154e2, findElement {value=//div[@class='dropdown bootstrap-select form-control bs3 dropup open']//input[@aria-label='Search'], using=xpath}] Capabilities {acceptInsecureCerts: false, browserName: chrome, browserVersion: 141.0.7390.66, chrome: {chromedriverVersion: 141.0.7390.122 (b477534e7e1..., userDataDir: C:\Users\PANKAJ~1\AppData\L...}, fedcm:accounts: true, goog:chromeOptions: {debuggerAddress: localhost:51415}, networkConnectionEnabled: false, pageLoadStrategy: normal, platformName: windows, proxy: Proxy(), se:cdp: ws://localhost:51415/devtoo..., se:cdpVersion: 141.0.7390.66, setWindowRect: true, strictFileInteractability: false, timeouts: {implicit: 0, pageLoad: 300000, script: 30000}, unhandledPromptBehavior: dismiss and notify, webauthn:extension:credBlob: true, webauthn:extension:largeBlob: true, webauthn:extension:minPinLength: true, webauthn:extension:prf: true, webauthn:virtualAuthenticators: true} Session ID: a02342de5fa078a4e0f275062e9154e2
2025-10-22 16:58:10,376 [main] WARN  com.erp.qa.commsaletests.CommSaleTest - ⚠️ Test Skipped: verifyCommSaleLink
2025-10-22 17:01:25,758 [main] INFO  com.erp.qa.commsaletests.CommSaleTest - ===== Starting Test Setup for: com.erp.qa.commsaletests.CommSaleTest =====
2025-10-22 17:01:36,425 [main] INFO  com.erp.qa.commsaletests.CommSaleTest - Browser launched and navigated to application.
2025-10-22 17:01:37,201 [main] INFO  com.erp.qa.commsaletests.CommSaleTest - All Page Objects initialized successfully.
2025-10-22 17:01:37,230 [main] INFO  com.erp.qa.countertests.BeyondSaleTest - ********** Starting test case: verifyCounterLink **********
2025-10-22 17:01:39,917 [main] INFO  com.erp.qa.countertests.BeyondSaleTest - Login successful
2025-10-22 17:02:08,992 [main] INFO  com.erp.qa.commsaletests.CommSaleTest - Browser closed successfully.
2025-10-22 17:02:08,997 [main] ERROR com.erp.qa.commsaletests.CommSaleTest - ❌ Test Failed: verifyCommSaleLink | no such element: Unable to locate element: {"method":"xpath","selector":"//a[@class='selected active']//span[@class='text'][normalize-space()='19 KG(COM)']"} (Session info: chrome=141.0.7390.66) For documentation on this error, please visit: https://www.selenium.dev/documentation/webdriver/troubleshooting/errors#no-such-element-exception Build info: version: '4.25.0', revision: '8a8aea2337' System info: os.name: 'Windows 10', os.arch: 'amd64', os.version: '10.0', java.version: '23.0.1' Driver info: org.openqa.selenium.chrome.ChromeDriver Command: [5a06818a3f9fdd2227583ced33a00eea, findElement {value=//a[@class='selected active']//span[@class='text'][normalize-space()='19 KG(COM)'], using=xpath}] Capabilities {acceptInsecureCerts: false, browserName: chrome, browserVersion: 141.0.7390.66, chrome: {chromedriverVersion: 141.0.7390.122 (b477534e7e1..., userDataDir: C:\Users\PANKAJ~1\AppData\L...}, fedcm:accounts: true, goog:chromeOptions: {debuggerAddress: localhost:59845}, networkConnectionEnabled: false, pageLoadStrategy: normal, platformName: windows, proxy: Proxy(), se:cdp: ws://localhost:59845/devtoo..., se:cdpVersion: 141.0.7390.66, setWindowRect: true, strictFileInteractability: false, timeouts: {implicit: 0, pageLoad: 300000, script: 30000}, unhandledPromptBehavior: dismiss and notify, webauthn:extension:credBlob: true, webauthn:extension:largeBlob: true, webauthn:extension:minPinLength: true, webauthn:extension:prf: true, webauthn:virtualAuthenticators: true} Session ID: 5a06818a3f9fdd2227583ced33a00eea
2025-10-22 17:02:09,000 [main] WARN  com.erp.qa.commsaletests.CommSaleTest - ⚠️ Test Skipped: verifyCommSaleLink
2025-10-22 17:12:47,648 [main] INFO  com.erp.qa.commsaletests.CommSaleTest - ===== Starting Test Setup for: com.erp.qa.commsaletests.CommSaleTest =====
2025-10-22 17:12:57,385 [main] INFO  com.erp.qa.commsaletests.CommSaleTest - Browser launched and navigated to application.
2025-10-22 17:12:58,281 [main] INFO  com.erp.qa.commsaletests.CommSaleTest - All Page Objects initialized successfully.
2025-10-22 17:12:58,310 [main] INFO  com.erp.qa.countertests.BeyondSaleTest - ********** Starting test case: verifyCounterLink **********
2025-10-22 17:13:01,053 [main] INFO  com.erp.qa.countertests.BeyondSaleTest - Login successful
2025-10-22 17:13:20,154 [main] INFO  com.erp.qa.commsaletests.CommSaleTest - Browser closed successfully.
2025-10-22 17:13:20,158 [main] ERROR com.erp.qa.commsaletests.CommSaleTest - ❌ Test Failed: verifyCommSaleLink | unexpected alert open: {Alert text : error} (Session info: chrome=141.0.7390.66): error Build info: version: '4.25.0', revision: '8a8aea2337' System info: os.name: 'Windows 10', os.arch: 'amd64', os.version: '10.0', java.version: '23.0.1' Driver info: org.openqa.selenium.chrome.ChromeDriver Command: [7ff9e5517129a4d4ed160a8d1e716751, findElement {value=txtFullQty, using=id}] Capabilities {acceptInsecureCerts: false, browserName: chrome, browserVersion: 141.0.7390.66, chrome: {chromedriverVersion: 141.0.7390.122 (b477534e7e1..., userDataDir: C:\Users\PANKAJ~1\AppData\L...}, fedcm:accounts: true, goog:chromeOptions: {debuggerAddress: localhost:55605}, networkConnectionEnabled: false, pageLoadStrategy: normal, platformName: windows, proxy: Proxy(), se:cdp: ws://localhost:55605/devtoo..., se:cdpVersion: 141.0.7390.66, setWindowRect: true, strictFileInteractability: false, timeouts: {implicit: 0, pageLoad: 300000, script: 30000}, unhandledPromptBehavior: dismiss and notify, webauthn:extension:credBlob: true, webauthn:extension:largeBlob: true, webauthn:extension:minPinLength: true, webauthn:extension:prf: true, webauthn:virtualAuthenticators: true} Session ID: 7ff9e5517129a4d4ed160a8d1e716751
2025-10-22 17:13:20,161 [main] WARN  com.erp.qa.commsaletests.CommSaleTest - ⚠️ Test Skipped: verifyCommSaleLink
2025-10-22 17:16:27,550 [main] INFO  com.erp.qa.commsaletests.CommSaleTest - ===== Starting Test Setup for: com.erp.qa.commsaletests.CommSaleTest =====
2025-10-22 17:16:37,857 [main] INFO  com.erp.qa.commsaletests.CommSaleTest - Browser launched and navigated to application.
2025-10-22 17:16:38,299 [main] INFO  com.erp.qa.commsaletests.CommSaleTest - All Page Objects initialized successfully.
2025-10-22 17:16:38,320 [main] INFO  com.erp.qa.countertests.BeyondSaleTest - ********** Starting test case: verifyCounterLink **********
2025-10-22 17:16:40,870 [main] INFO  com.erp.qa.countertests.BeyondSaleTest - Login successful
2025-10-22 17:17:55,644 [main] INFO  com.erp.qa.commsaletests.CommSaleTest - Browser closed successfully.
2025-10-22 17:17:55,646 [main] ERROR com.erp.qa.commsaletests.CommSaleTest - ❌ Test Failed: verifyCommSaleLink | Expected condition failed: waiting for element to be clickable: Proxy element for: DefaultElementLocator 'By.xpath: //button[@data-id='ddlPaymentMode']' (tried for 12 second(s) with 500 milliseconds interval)
2025-10-22 17:17:55,647 [main] WARN  com.erp.qa.commsaletests.CommSaleTest - ⚠️ Test Skipped: verifyCommSaleLink
2025-10-22 17:18:40,075 [main] INFO  com.erp.qa.commsaletests.CommSaleTest - ===== Starting Test Setup for: com.erp.qa.commsaletests.CommSaleTest =====
2025-10-22 17:18:48,220 [main] INFO  com.erp.qa.commsaletests.CommSaleTest - Browser launched and navigated to application.
2025-10-22 17:18:49,056 [main] INFO  com.erp.qa.commsaletests.CommSaleTest - All Page Objects initialized successfully.
2025-10-22 17:18:49,097 [main] INFO  com.erp.qa.countertests.BeyondSaleTest - ********** Starting test case: verifyCounterLink **********
2025-10-22 17:18:52,244 [main] INFO  com.erp.qa.countertests.BeyondSaleTest - Login successful
2025-10-22 17:19:59,581 [main] INFO  com.erp.qa.commsaletests.CommSaleTest - Browser closed successfully.
2025-10-22 17:19:59,584 [main] ERROR com.erp.qa.commsaletests.CommSaleTest - ❌ Test Failed: verifyCommSaleLink | Expected condition failed: waiting for element to be clickable: Proxy element for: DefaultElementLocator 'By.xpath: //button[@data-id='ddlPaymentMode']' (tried for 12 second(s) with 500 milliseconds interval)
2025-10-22 17:19:59,585 [main] WARN  com.erp.qa.commsaletests.CommSaleTest - ⚠️ Test Skipped: verifyCommSaleLink
2025-10-22 17:23:11,413 [main] INFO  com.erp.qa.commsaletests.CommSaleTest - ===== Starting Test Setup for: com.erp.qa.commsaletests.CommSaleTest =====
2025-10-22 17:23:19,970 [main] INFO  com.erp.qa.commsaletests.CommSaleTest - Browser launched and navigated to application.
2025-10-22 17:23:20,523 [main] INFO  com.erp.qa.commsaletests.CommSaleTest - All Page Objects initialized successfully.
2025-10-22 17:23:20,545 [main] INFO  com.erp.qa.countertests.BeyondSaleTest - ********** Starting test case: verifyCounterLink **********
2025-10-22 17:23:23,497 [main] INFO  com.erp.qa.countertests.BeyondSaleTest - Login successful
2025-10-22 17:24:31,643 [main] INFO  com.erp.qa.commsaletests.CommSaleTest - Browser closed successfully.
2025-10-22 17:24:31,644 [main] ERROR com.erp.qa.commsaletests.CommSaleTest - ❌ Test Failed: verifyCommSaleLink | Expected condition failed: waiting for element to be clickable: Proxy element for: DefaultElementLocator 'By.xpath: //button[@data-id='ddlPaymentMode']' (tried for 12 second(s) with 500 milliseconds interval)
2025-10-22 17:24:31,645 [main] WARN  com.erp.qa.commsaletests.CommSaleTest - ⚠️ Test Skipped: verifyCommSaleLink
2025-10-22 17:29:29,924 [main] INFO  com.erp.qa.commsaletests.CommSaleTest - ===== Starting Test Setup for: com.erp.qa.commsaletests.CommSaleTest =====
2025-10-22 17:29:37,078 [main] INFO  com.erp.qa.commsaletests.CommSaleTest - Browser launched and navigated to application.
2025-10-22 17:29:37,870 [main] INFO  com.erp.qa.commsaletests.CommSaleTest - All Page Objects initialized successfully.
2025-10-22 17:29:37,909 [main] INFO  com.erp.qa.countertests.BeyondSaleTest - ********** Starting test case: verifyCounterLink **********
2025-10-22 17:29:40,631 [main] INFO  com.erp.qa.countertests.BeyondSaleTest - Login successful
2025-10-22 17:31:40,235 [main] INFO  com.erp.qa.commsaletests.CommSaleTest - Browser closed successfully.
2025-10-22 17:31:40,238 [main] ERROR com.erp.qa.commsaletests.CommSaleTest - ❌ Test Failed: verifyCommSaleLink | Expected condition failed: waiting for com.erp.qa.commsalepage.CommSalePage$$Lambda/0x0000024a813b1c00@14fded9d (tried for 5 second(s) with 500 milliseconds interval)
2025-10-22 17:31:40,241 [main] WARN  com.erp.qa.commsaletests.CommSaleTest - ⚠️ Test Skipped: verifyCommSaleLink
2025-10-22 17:37:21,279 [main] INFO  com.erp.qa.commsaletests.CommSaleTest - ===== Starting Test Setup for: com.erp.qa.commsaletests.CommSaleTest =====
2025-10-22 17:37:42,170 [main] INFO  com.erp.qa.commsaletests.CommSaleTest - Browser launched and navigated to application.
2025-10-22 17:37:44,583 [main] INFO  com.erp.qa.commsaletests.CommSaleTest - All Page Objects initialized successfully.
2025-10-22 17:37:44,661 [main] INFO  com.erp.qa.countertests.BeyondSaleTest - ********** Starting test case: verifyCounterLink **********
2025-10-22 17:37:48,663 [main] INFO  com.erp.qa.countertests.BeyondSaleTest - Login successful
2025-10-22 17:40:03,799 [main] INFO  com.erp.qa.commsaletests.CommSaleTest - Browser closed successfully.
2025-10-22 17:40:03,805 [main] ERROR com.erp.qa.commsaletests.CommSaleTest - ❌ Test Failed: verifyCommSaleLink | Expected condition failed: waiting for com.erp.qa.commsalepage.CommSalePage$$Lambda/0x00000215013b2518@14fded9d (tried for 5 second(s) with 500 milliseconds interval)
2025-10-22 17:40:03,809 [main] WARN  com.erp.qa.commsaletests.CommSaleTest - ⚠️ Test Skipped: verifyCommSaleLink
2025-10-22 17:42:54,789 [main] INFO  com.erp.qa.commsaletests.CommSaleTest - ===== Starting Test Setup for: com.erp.qa.commsaletests.CommSaleTest =====
2025-10-22 17:43:22,977 [main] INFO  com.erp.qa.commsaletests.CommSaleTest - Browser launched and navigated to application.
2025-10-22 17:43:27,109 [main] INFO  com.erp.qa.commsaletests.CommSaleTest - All Page Objects initialized successfully.
2025-10-22 17:43:27,239 [main] INFO  com.erp.qa.countertests.BeyondSaleTest - ********** Starting test case: verifyCounterLink **********
2025-10-22 17:43:32,691 [main] INFO  com.erp.qa.countertests.BeyondSaleTest - Login successful
2025-10-22 17:45:57,793 [main] INFO  com.erp.qa.commsaletests.CommSaleTest - Browser closed successfully.
2025-10-22 17:45:57,797 [main] ERROR com.erp.qa.commsaletests.CommSaleTest - ❌ Test Failed: verifyCommSaleLink | Expected condition failed: waiting for com.erp.qa.commsalepage.CommSalePage$$Lambda/0x000001f13f3b1c00@49a6f486 (tried for 5 second(s) with 500 milliseconds interval)
2025-10-22 17:45:57,799 [main] WARN  com.erp.qa.commsaletests.CommSaleTest - ⚠️ Test Skipped: verifyCommSaleLink
2025-10-22 17:49:34,910 [main] INFO  com.erp.qa.commsaletests.CommSaleTest - ===== Starting Test Setup for: com.erp.qa.commsaletests.CommSaleTest =====
2025-10-22 17:50:06,309 [main] INFO  com.erp.qa.commsaletests.CommSaleTest - Browser launched and navigated to application.
2025-10-22 17:50:09,854 [main] INFO  com.erp.qa.commsaletests.CommSaleTest - All Page Objects initialized successfully.
2025-10-22 17:50:09,931 [main] INFO  com.erp.qa.countertests.BeyondSaleTest - ********** Starting test case: verifyCounterLink **********
2025-10-22 17:50:14,285 [main] INFO  com.erp.qa.countertests.BeyondSaleTest - Login successful
2025-10-22 17:52:16,117 [main] INFO  com.erp.qa.commsaletests.CommSaleTest - Browser closed successfully.
2025-10-22 17:52:16,120 [main] ERROR com.erp.qa.commsaletests.CommSaleTest - ❌ Test Failed: verifyCommSaleLink | Expected condition failed: waiting for com.erp.qa.commsalepage.CommSalePage$$Lambda/0x0000027bc53b22c0@49a6f486 (tried for 5 second(s) with 500 milliseconds interval)
2025-10-22 17:52:16,121 [main] WARN  com.erp.qa.commsaletests.CommSaleTest - ⚠️ Test Skipped: verifyCommSaleLink
2025-10-22 17:55:47,226 [main] INFO  com.erp.qa.commsaletests.CommSaleTest - ===== Starting Test Setup for: com.erp.qa.commsaletests.CommSaleTest =====
2025-10-22 17:55:54,409 [main] INFO  com.erp.qa.commsaletests.CommSaleTest - Browser launched and navigated to application.
2025-10-22 17:55:55,229 [main] INFO  com.erp.qa.commsaletests.CommSaleTest - All Page Objects initialized successfully.
2025-10-22 17:55:55,255 [main] INFO  com.erp.qa.countertests.BeyondSaleTest - ********** Starting test case: verifyCounterLink **********
2025-10-22 17:55:57,982 [main] INFO  com.erp.qa.countertests.BeyondSaleTest - Login successful
2025-10-22 17:58:02,865 [main] INFO  com.erp.qa.commsaletests.CommSaleTest - Browser closed successfully.
2025-10-22 17:58:02,868 [main] ERROR com.erp.qa.commsaletests.CommSaleTest - ❌ Test Failed: verifyCommSaleLink | Expected condition failed: waiting for com.erp.qa.commsalepage.CommSalePage$$Lambda/0x0000019cd03b1c00@3330f3ad (tried for 8 second(s) with 500 milliseconds interval) Build info: version: '4.25.0', revision: '8a8aea2337' System info: os.name: 'Windows 10', os.arch: 'amd64', os.version: '10.0', java.version: '23.0.1' Driver info: org.openqa.selenium.chrome.ChromeDriver Capabilities {acceptInsecureCerts: false, browserName: chrome, browserVersion: 141.0.7390.66, chrome: {chromedriverVersion: 141.0.7390.122 (b477534e7e1..., userDataDir: C:\Users\PANKAJ~1\AppData\L...}, fedcm:accounts: true, goog:chromeOptions: {debuggerAddress: localhost:59773}, networkConnectionEnabled: false, pageLoadStrategy: normal, platformName: windows, proxy: Proxy(), se:cdp: ws://localhost:59773/devtoo..., se:cdpVersion: 141.0.7390.66, setWindowRect: true, strictFileInteractability: false, timeouts: {implicit: 0, pageLoad: 300000, script: 30000}, unhandledPromptBehavior: dismiss and notify, webauthn:extension:credBlob: true, webauthn:extension:largeBlob: true, webauthn:extension:minPinLength: true, webauthn:extension:prf: true, webauthn:virtualAuthenticators: true} Session ID: d3c4ef06df14bd335b87d00089190560
2025-10-22 17:58:02,869 [main] WARN  com.erp.qa.commsaletests.CommSaleTest - ⚠️ Test Skipped: verifyCommSaleLink
2025-10-22 18:05:42,275 [main] INFO  com.erp.qa.commsaletests.CommSaleTest - ===== Starting Test Setup for: com.erp.qa.commsaletests.CommSaleTest =====
2025-10-22 18:05:51,359 [main] INFO  com.erp.qa.commsaletests.CommSaleTest - Browser launched and navigated to application.
2025-10-22 18:05:52,064 [main] INFO  com.erp.qa.commsaletests.CommSaleTest - All Page Objects initialized successfully.
2025-10-22 18:05:52,099 [main] INFO  com.erp.qa.countertests.BeyondSaleTest - ********** Starting test case: verifyCounterLink **********
2025-10-22 18:05:54,915 [main] INFO  com.erp.qa.countertests.BeyondSaleTest - Login successful
2025-10-22 18:08:16,455 [main] INFO  com.erp.qa.commsaletests.CommSaleTest - Browser closed successfully.
2025-10-22 18:08:16,456 [main] INFO  com.erp.qa.commsaletests.CommSaleTest - ✅ Test Passed: verifyCommSaleLink
2025-10-22 18:10:20,165 [main] INFO  com.erp.qa.commsaletests.CommSaleTest - ===== Starting Test Setup for: com.erp.qa.commsaletests.CommSaleTest =====
2025-10-22 18:10:28,621 [main] INFO  com.erp.qa.commsaletests.CommSaleTest - Browser launched and navigated to application.
2025-10-22 18:10:29,472 [main] INFO  com.erp.qa.commsaletests.CommSaleTest - All Page Objects initialized successfully.
2025-10-22 18:10:29,508 [main] INFO  com.erp.qa.countertests.BeyondSaleTest - ********** Starting test case: verifyCounterLink **********
2025-10-22 18:10:32,338 [main] INFO  com.erp.qa.countertests.BeyondSaleTest - Login successful
2025-10-22 18:12:59,330 [main] INFO  com.erp.qa.commsaletests.CommSaleTest - Browser closed successfully.
2025-10-22 18:12:59,331 [main] INFO  com.erp.qa.commsaletests.CommSaleTest - ✅ Test Passed: verifyCommSaleLink
2025-10-22 18:14:57,578 [main] INFO  com.erp.qa.commsaletests.CommSaleTest - ===== Starting Test Setup for: com.erp.qa.commsaletests.CommSaleTest =====
2025-10-22 18:15:13,636 [main] INFO  com.erp.qa.commsaletests.CommSaleTest - Browser launched and navigated to application.
2025-10-22 18:15:21,037 [main] INFO  com.erp.qa.commsaletests.CommSaleTest - All Page Objects initialized successfully.
2025-10-22 18:15:21,192 [main] INFO  com.erp.qa.countertests.BeyondSaleTest - ********** Starting test case: verifyCounterLink **********
2025-10-22 18:15:25,473 [main] INFO  com.erp.qa.countertests.BeyondSaleTest - Login successful
2025-10-22 18:18:11,661 [main] INFO  com.erp.qa.commsaletests.CommSaleTest - Browser closed successfully.
2025-10-22 18:18:11,676 [main] INFO  com.erp.qa.commsaletests.CommSaleTest - ✅ Test Passed: verifyCommSaleLink
2025-10-23 09:52:27,116 [main] INFO  com.erp.qa.commsaletests.CommSaleTest - ===== Starting Test Setup for: com.erp.qa.commsaletests.CommSaleTest =====
2025-10-23 09:52:33,386 [main] INFO  com.erp.qa.commsaletests.CommSaleTest - Browser launched and navigated to application.
2025-10-23 09:52:34,820 [main] INFO  com.erp.qa.commsaletests.CommSaleTest - All Page Objects initialized successfully.
2025-10-23 09:52:34,840 [main] INFO  com.erp.qa.countertests.BeyondSaleTest - ********** Starting test case: verifyCounterLink **********
2025-10-23 09:52:37,330 [main] INFO  com.erp.qa.countertests.BeyondSaleTest - Login successful
2025-10-23 09:52:54,888 [main] INFO  com.erp.qa.commsaletests.CommSaleTest - Browser closed successfully.
2025-10-23 09:52:54,895 [main] ERROR com.erp.qa.commsaletests.CommSaleTest - ❌ Test Failed: verifyCommSaleLink | stale element reference: stale element not found in the current frame (Session info: chrome=141.0.7390.108) For documentation on this error, please visit: https://www.selenium.dev/documentation/webdriver/troubleshooting/errors#stale-element-reference-exception Build info: version: '4.25.0', revision: '8a8aea2337' System info: os.name: 'Windows 10', os.arch: 'amd64', os.version: '10.0', java.version: '23.0.1' Driver info: org.openqa.selenium.chrome.ChromeDriver Command: [18c4ef2e420a8e271ce2404e0f4f1ad2, clickElement {id=f.66C60423008D6B613751E26E5BAFC301.d.19E9EFAB14E6BDFF0CAAEA64E7702B14.e.46816}] Capabilities {acceptInsecureCerts: false, browserName: chrome, browserVersion: 141.0.7390.108, chrome: {chromedriverVersion: 141.0.7390.122 (b477534e7e1..., userDataDir: C:\Users\PANKAJ~1\AppData\L...}, fedcm:accounts: true, goog:chromeOptions: {debuggerAddress: localhost:49240}, networkConnectionEnabled: false, pageLoadStrategy: normal, platformName: windows, proxy: Proxy(), se:cdp: ws://localhost:49240/devtoo..., se:cdpVersion: 141.0.7390.108, setWindowRect: true, strictFileInteractability: false, timeouts: {implicit: 0, pageLoad: 300000, script: 30000}, unhandledPromptBehavior: dismiss and notify, webauthn:extension:credBlob: true, webauthn:extension:largeBlob: true, webauthn:extension:minPinLength: true, webauthn:extension:prf: true, webauthn:virtualAuthenticators: true} Element: [[[[[[ChromeDriver: chrome on windows (18c4ef2e420a8e271ce2404e0f4f1ad2)] -> xpath: //div[contains(@class,'bootstrap-select') and (contains(@class,'open') or contains(@class,'show'))]]] -> xpath: .//span[contains(@class,'text')][normalize-space()='DINESH']]] -> xpath: ./ancestor::a[1]] Session ID: 18c4ef2e420a8e271ce2404e0f4f1ad2
2025-10-23 09:52:54,899 [main] WARN  com.erp.qa.commsaletests.CommSaleTest - ⚠️ Test Skipped: verifyCommSaleLink
2025-10-23 09:53:16,551 [main] INFO  com.erp.qa.commsaletests.CommSaleTest - ===== Starting Test Setup for: com.erp.qa.commsaletests.CommSaleTest =====
2025-10-23 09:53:21,198 [main] INFO  com.erp.qa.commsaletests.CommSaleTest - Browser launched and navigated to application.
2025-10-23 09:53:21,786 [main] INFO  com.erp.qa.commsaletests.CommSaleTest - All Page Objects initialized successfully.
2025-10-23 09:53:21,814 [main] INFO  com.erp.qa.countertests.BeyondSaleTest - ********** Starting test case: verifyCounterLink **********
2025-10-23 09:53:24,331 [main] INFO  com.erp.qa.countertests.BeyondSaleTest - Login successful
2025-10-23 09:53:41,662 [main] INFO  com.erp.qa.commsaletests.CommSaleTest - Browser closed successfully.
2025-10-23 09:53:41,666 [main] ERROR com.erp.qa.commsaletests.CommSaleTest - ❌ Test Failed: verifyCommSaleLink | stale element reference: stale element not found in the current frame (Session info: chrome=141.0.7390.108) For documentation on this error, please visit: https://www.selenium.dev/documentation/webdriver/troubleshooting/errors#stale-element-reference-exception Build info: version: '4.25.0', revision: '8a8aea2337' System info: os.name: 'Windows 10', os.arch: 'amd64', os.version: '10.0', java.version: '23.0.1' Driver info: org.openqa.selenium.chrome.ChromeDriver Command: [e7d4a0e1fac4da15506ea89ba32b8cf9, isElementDisplayed {id=f.6637296258EA92C89EAB3E00E93BF5E4.d.5C957746A401889F355B0939658E4E75.e.46589}] Capabilities {acceptInsecureCerts: false, browserName: chrome, browserVersion: 141.0.7390.108, chrome: {chromedriverVersion: 141.0.7390.122 (b477534e7e1..., userDataDir: C:\Users\PANKAJ~1\AppData\L...}, fedcm:accounts: true, goog:chromeOptions: {debuggerAddress: localhost:63549}, networkConnectionEnabled: false, pageLoadStrategy: normal, platformName: windows, proxy: Proxy(), se:cdp: ws://localhost:63549/devtoo..., se:cdpVersion: 141.0.7390.108, setWindowRect: true, strictFileInteractability: false, timeouts: {implicit: 0, pageLoad: 300000, script: 30000}, unhandledPromptBehavior: dismiss and notify, webauthn:extension:credBlob: true, webauthn:extension:largeBlob: true, webauthn:extension:minPinLength: true, webauthn:extension:prf: true, webauthn:virtualAuthenticators: true} Element: [[[[ChromeDriver: chrome on windows (e7d4a0e1fac4da15506ea89ba32b8cf9)] -> xpath: //div[contains(@class,'bootstrap-select') and (contains(@class,'open') or contains(@class,'show'))]]] -> xpath: .//span[contains(@class,'text')][normalize-space()='DINESH']] Session ID: e7d4a0e1fac4da15506ea89ba32b8cf9
2025-10-23 09:53:41,667 [main] WARN  com.erp.qa.commsaletests.CommSaleTest - ⚠️ Test Skipped: verifyCommSaleLink
2025-10-23 09:53:51,188 [main] INFO  com.erp.qa.commsaletests.CommSaleTest - ===== Starting Test Setup for: com.erp.qa.commsaletests.CommSaleTest =====
2025-10-23 09:53:56,630 [main] INFO  com.erp.qa.commsaletests.CommSaleTest - Browser launched and navigated to application.
2025-10-23 09:53:57,180 [main] INFO  com.erp.qa.commsaletests.CommSaleTest - All Page Objects initialized successfully.
2025-10-23 09:53:57,280 [main] INFO  com.erp.qa.countertests.BeyondSaleTest - ********** Starting test case: verifyCounterLink **********
2025-10-23 09:53:59,783 [main] INFO  com.erp.qa.countertests.BeyondSaleTest - Login successful
2025-10-23 09:56:15,566 [main] INFO  com.erp.qa.commsaletests.CommSaleTest - Browser closed successfully.
2025-10-23 09:56:15,567 [main] INFO  com.erp.qa.commsaletests.CommSaleTest - ✅ Test Passed: verifyCommSaleLink
2025-10-23 11:03:41,818 [main] INFO  com.erp.qa.commsaletests.CommSaleTest - ===== Starting Test Setup for: com.erp.qa.commsaletests.CommSaleTest =====
2025-10-23 11:03:50,216 [main] INFO  com.erp.qa.commsaletests.CommSaleTest - Browser launched and navigated to application.
2025-10-23 11:03:50,497 [main] INFO  com.erp.qa.commsaletests.CommSaleTest - All Page Objects initialized successfully.
2025-10-23 11:03:50,526 [main] INFO  com.erp.qa.countertests.BeyondSaleTest - ********** Starting test case: verifyCounterLink **********
2025-10-23 11:03:52,970 [main] INFO  com.erp.qa.countertests.BeyondSaleTest - Login successful
2025-10-23 11:04:09,345 [main] INFO  com.erp.qa.commsaletests.CommSaleTest - Browser closed successfully.
2025-10-23 11:04:09,353 [main] ERROR com.erp.qa.commsaletests.CommSaleTest - ❌ Test Failed: verifyCommSaleLink | stale element reference: stale element not found in the current frame (Session info: chrome=141.0.7390.108) For documentation on this error, please visit: https://www.selenium.dev/documentation/webdriver/troubleshooting/errors#stale-element-reference-exception Build info: version: '4.25.0', revision: '8a8aea2337' System info: os.name: 'Windows 10', os.arch: 'amd64', os.version: '10.0', java.version: '23.0.1' Driver info: org.openqa.selenium.chrome.ChromeDriver Command: [346f4c260be6468d536dfd32504cebfa, clickElement {id=f.AFC70CDECC040E83CD5DE795F0462E2C.d.AE0D70414E054B620AD94D9F27E8E689.e.46664}] Capabilities {acceptInsecureCerts: false, browserName: chrome, browserVersion: 141.0.7390.108, chrome: {chromedriverVersion: 141.0.7390.122 (b477534e7e1..., userDataDir: C:\Users\PANKAJ~1\AppData\L...}, fedcm:accounts: true, goog:chromeOptions: {debuggerAddress: localhost:54496}, networkConnectionEnabled: false, pageLoadStrategy: normal, platformName: windows, proxy: Proxy(), se:cdp: ws://localhost:54496/devtoo..., se:cdpVersion: 141.0.7390.108, setWindowRect: true, strictFileInteractability: false, timeouts: {implicit: 0, pageLoad: 300000, script: 30000}, unhandledPromptBehavior: dismiss and notify, webauthn:extension:credBlob: true, webauthn:extension:largeBlob: true, webauthn:extension:minPinLength: true, webauthn:extension:prf: true, webauthn:virtualAuthenticators: true} Element: [[[[[[ChromeDriver: chrome on windows (346f4c260be6468d536dfd32504cebfa)] -> xpath: //div[contains(@class,'bootstrap-select') and (contains(@class,'open') or contains(@class,'show'))]]] -> xpath: .//span[contains(@class,'text')][normalize-space()='DINESH']]] -> xpath: ./ancestor::a[1]] Session ID: 346f4c260be6468d536dfd32504cebfa
2025-10-23 11:04:09,377 [main] WARN  com.erp.qa.commsaletests.CommSaleTest - ⚠️ Test Skipped: verifyCommSaleLink
2025-10-23 11:04:18,235 [main] INFO  com.erp.qa.commsaletests.CommSaleTest - ===== Starting Test Setup for: com.erp.qa.commsaletests.CommSaleTest =====
2025-10-23 11:04:26,908 [main] INFO  com.erp.qa.commsaletests.CommSaleTest - Browser launched and navigated to application.
2025-10-23 11:04:27,243 [main] INFO  com.erp.qa.commsaletests.CommSaleTest - All Page Objects initialized successfully.
2025-10-23 11:04:27,260 [main] INFO  com.erp.qa.countertests.BeyondSaleTest - ********** Starting test case: verifyCounterLink **********
2025-10-23 11:04:29,620 [main] INFO  com.erp.qa.countertests.BeyondSaleTest - Login successful
2025-10-23 11:06:47,593 [main] INFO  com.erp.qa.commsaletests.CommSaleTest - Browser closed successfully.
2025-10-23 11:06:47,594 [main] INFO  com.erp.qa.commsaletests.CommSaleTest - ✅ Test Passed: verifyCommSaleLink
